{"/Users/timoptimothy/Developer/github_repo/openrice_timothy_backend/src/app.controller.ts": {"path":"/Users/timoptimothy/Developer/github_repo/openrice_timothy_backend/src/app.controller.ts","statementMap":{"0":{"start":{"line":1,"column":0},"end":{"line":1,"column":49}},"1":{"start":{"line":2,"column":0},"end":{"line":2,"column":43}},"2":{"start":{"line":5,"column":7},"end":{"line":12,"column":null}},"3":{"start":{"line":6,"column":31},"end":{"line":6,"column":43}},"4":{"start":{"line":10,"column":4},"end":{"line":10,"column":38}},"5":{"start":{"line":5,"column":13},"end":{"line":5,"column":26}},"6":{"start":{"line":9,"column":2},"end":{"line":11,"column":null}},"7":{"start":{"line":5,"column":13},"end":{"line":12,"column":null}}},"fnMap":{"0":{"name":"(anonymous_2)","decl":{"start":{"line":6,"column":2},"end":{"line":6,"column":31}},"loc":{"start":{"line":6,"column":53},"end":{"line":6,"column":57}}},"1":{"name":"(anonymous_3)","decl":{"start":{"line":9,"column":2},"end":{"line":9,"column":10}},"loc":{"start":{"line":9,"column":10},"end":{"line":11,"column":3}}}},"branchMap":{},"s":{"0":2,"1":2,"2":2,"3":2,"4":1,"5":2,"6":2,"7":2},"f":{"0":2,"1":1},"b":{}}
,"/Users/timoptimothy/Developer/github_repo/openrice_timothy_backend/src/app.module.ts": {"path":"/Users/timoptimothy/Developer/github_repo/openrice_timothy_backend/src/app.module.ts","statementMap":{"0":{"start":{"line":1,"column":0},"end":{"line":1,"column":40}},"1":{"start":{"line":3,"column":0},"end":{"line":3,"column":49}},"2":{"start":{"line":4,"column":0},"end":{"line":4,"column":43}},"3":{"start":{"line":5,"column":0},"end":{"line":5,"column":60}},"4":{"start":{"line":6,"column":0},"end":{"line":6,"column":66}},"5":{"start":{"line":7,"column":0},"end":{"line":7,"column":48}},"6":{"start":{"line":8,"column":0},"end":{"line":8,"column":78}},"7":{"start":{"line":9,"column":0},"end":{"line":9,"column":51}},"8":{"start":{"line":10,"column":0},"end":{"line":10,"column":81}},"9":{"start":{"line":11,"column":0},"end":{"line":11,"column":87}},"10":{"start":{"line":12,"column":0},"end":{"line":12,"column":54}},"11":{"start":{"line":13,"column":0},"end":{"line":13,"column":63}},"12":{"start":{"line":14,"column":0},"end":{"line":14,"column":60}},"13":{"start":{"line":15,"column":0},"end":{"line":15,"column":75}},"14":{"start":{"line":16,"column":0},"end":{"line":16,"column":60}},"15":{"start":{"line":17,"column":0},"end":{"line":17,"column":75}},"16":{"start":{"line":19,"column":0},"end":{"line":19,"column":58}},"17":{"start":{"line":20,"column":0},"end":{"line":20,"column":52}},"18":{"start":{"line":21,"column":0},"end":{"line":21,"column":61}},"19":{"start":{"line":46,"column":7},"end":{"line":46,"column":null}},"20":{"start":{"line":46,"column":13},"end":{"line":46,"column":22}},"21":{"start":{"line":46,"column":13},"end":{"line":46,"column":null}}},"fnMap":{},"branchMap":{},"s":{"0":1,"1":1,"2":1,"3":1,"4":1,"5":1,"6":1,"7":1,"8":1,"9":1,"10":1,"11":1,"12":1,"13":1,"14":1,"15":1,"16":1,"17":1,"18":1,"19":1,"20":1,"21":1},"f":{},"b":{}}
,"/Users/timoptimothy/Developer/github_repo/openrice_timothy_backend/src/app.service.ts": {"path":"/Users/timoptimothy/Developer/github_repo/openrice_timothy_backend/src/app.service.ts","statementMap":{"0":{"start":{"line":1,"column":0},"end":{"line":1,"column":44}},"1":{"start":{"line":4,"column":7},"end":{"line":8,"column":null}},"2":{"start":{"line":6,"column":4},"end":{"line":6,"column":25}},"3":{"start":{"line":4,"column":13},"end":{"line":4,"column":23}},"4":{"start":{"line":4,"column":13},"end":{"line":8,"column":null}}},"fnMap":{"0":{"name":"(anonymous_1)","decl":{"start":{"line":5,"column":2},"end":{"line":5,"column":10}},"loc":{"start":{"line":5,"column":10},"end":{"line":7,"column":3}}}},"branchMap":{},"s":{"0":2,"1":2,"2":1,"3":2,"4":2},"f":{"0":1},"b":{}}
,"/Users/timoptimothy/Developer/github_repo/openrice_timothy_backend/src/dish/dish.controller.ts": {"path":"/Users/timoptimothy/Developer/github_repo/openrice_timothy_backend/src/dish/dish.controller.ts","statementMap":{"0":{"start":{"line":1,"column":0},"end":{"line":1,"column":56}},"1":{"start":{"line":2,"column":0},"end":{"line":2,"column":45}},"2":{"start":{"line":3,"column":0},"end":{"line":3,"column":52}},"3":{"start":{"line":8,"column":7},"end":{"line":21,"column":null}},"4":{"start":{"line":9,"column":31},"end":{"line":9,"column":44}},"5":{"start":{"line":13,"column":4},"end":{"line":13,"column":46}},"6":{"start":{"line":19,"column":4},"end":{"line":19,"column":67}},"7":{"start":{"line":8,"column":13},"end":{"line":8,"column":27}},"8":{"start":{"line":12,"column":8},"end":{"line":14,"column":null}},"9":{"start":{"line":18,"column":8},"end":{"line":20,"column":null}},"10":{"start":{"line":8,"column":13},"end":{"line":21,"column":null}}},"fnMap":{"0":{"name":"(anonymous_4)","decl":{"start":{"line":9,"column":2},"end":{"line":9,"column":31}},"loc":{"start":{"line":9,"column":55},"end":{"line":9,"column":59}}},"1":{"name":"(anonymous_5)","decl":{"start":{"line":12,"column":2},"end":{"line":12,"column":7}},"loc":{"start":{"line":12,"column":17},"end":{"line":14,"column":3}}},"2":{"name":"(anonymous_6)","decl":{"start":{"line":18,"column":2},"end":{"line":18,"column":7}},"loc":{"start":{"line":18,"column":56},"end":{"line":20,"column":3}}}},"branchMap":{},"s":{"0":2,"1":2,"2":2,"3":2,"4":2,"5":1,"6":1,"7":2,"8":2,"9":2,"10":2},"f":{"0":2,"1":1,"2":1},"b":{}}
,"/Users/timoptimothy/Developer/github_repo/openrice_timothy_backend/src/dish/dish.module.ts": {"path":"/Users/timoptimothy/Developer/github_repo/openrice_timothy_backend/src/dish/dish.module.ts","statementMap":{"0":{"start":{"line":1,"column":0},"end":{"line":1,"column":40}},"1":{"start":{"line":2,"column":0},"end":{"line":2,"column":59}},"2":{"start":{"line":3,"column":0},"end":{"line":3,"column":51}},"3":{"start":{"line":4,"column":0},"end":{"line":4,"column":45}},"4":{"start":{"line":11,"column":7},"end":{"line":11,"column":null}},"5":{"start":{"line":11,"column":13},"end":{"line":11,"column":23}},"6":{"start":{"line":11,"column":13},"end":{"line":11,"column":null}}},"fnMap":{},"branchMap":{},"s":{"0":1,"1":1,"2":1,"3":1,"4":1,"5":1,"6":1},"f":{},"b":{}}
,"/Users/timoptimothy/Developer/github_repo/openrice_timothy_backend/src/dish/dish.service.ts": {"path":"/Users/timoptimothy/Developer/github_repo/openrice_timothy_backend/src/dish/dish.service.ts","statementMap":{"0":{"start":{"line":1,"column":0},"end":{"line":1,"column":52}},"1":{"start":{"line":2,"column":0},"end":{"line":2,"column":28}},"2":{"start":{"line":5,"column":7},"end":{"line":15,"column":null}},"3":{"start":{"line":6,"column":57},"end":{"line":6,"column":67}},"4":{"start":{"line":9,"column":4},"end":{"line":9,"column":52}},"5":{"start":{"line":13,"column":4},"end":{"line":13,"column":73}},"6":{"start":{"line":5,"column":13},"end":{"line":5,"column":24}},"7":{"start":{"line":5,"column":13},"end":{"line":15,"column":null}}},"fnMap":{"0":{"name":"(anonymous_4)","decl":{"start":{"line":6,"column":2},"end":{"line":6,"column":15}},"loc":{"start":{"line":6,"column":67},"end":{"line":6,"column":71}}},"1":{"name":"(anonymous_5)","decl":{"start":{"line":8,"column":2},"end":{"line":8,"column":7}},"loc":{"start":{"line":8,"column":17},"end":{"line":10,"column":3}}},"2":{"name":"(anonymous_6)","decl":{"start":{"line":12,"column":2},"end":{"line":12,"column":7}},"loc":{"start":{"line":12,"column":30},"end":{"line":14,"column":3}}}},"branchMap":{},"s":{"0":3,"1":3,"2":3,"3":1,"4":1,"5":1,"6":3,"7":3},"f":{"0":1,"1":1,"2":1},"b":{}}
,"/Users/timoptimothy/Developer/github_repo/openrice_timothy_backend/src/dish/specs/expectedDishes.ts": {"path":"/Users/timoptimothy/Developer/github_repo/openrice_timothy_backend/src/dish/specs/expectedDishes.ts","statementMap":{"0":{"start":{"line":1,"column":13},"end":{"line":8,"column":2}}},"fnMap":{},"branchMap":{},"s":{"0":3},"f":{},"b":{}}
,"/Users/timoptimothy/Developer/github_repo/openrice_timothy_backend/src/district/district.controller.ts": {"path":"/Users/timoptimothy/Developer/github_repo/openrice_timothy_backend/src/district/district.controller.ts","statementMap":{"0":{"start":{"line":1,"column":0},"end":{"line":1,"column":56}},"1":{"start":{"line":2,"column":0},"end":{"line":2,"column":53}},"2":{"start":{"line":3,"column":0},"end":{"line":3,"column":52}},"3":{"start":{"line":8,"column":7},"end":{"line":23,"column":null}},"4":{"start":{"line":9,"column":31},"end":{"line":9,"column":48}},"5":{"start":{"line":13,"column":4},"end":{"line":13,"column":53}},"6":{"start":{"line":21,"column":4},"end":{"line":21,"column":79}},"7":{"start":{"line":8,"column":13},"end":{"line":8,"column":31}},"8":{"start":{"line":12,"column":8},"end":{"line":14,"column":null}},"9":{"start":{"line":18,"column":8},"end":{"line":22,"column":null}},"10":{"start":{"line":8,"column":13},"end":{"line":23,"column":null}}},"fnMap":{"0":{"name":"(anonymous_4)","decl":{"start":{"line":9,"column":2},"end":{"line":9,"column":31}},"loc":{"start":{"line":9,"column":63},"end":{"line":9,"column":67}}},"1":{"name":"(anonymous_5)","decl":{"start":{"line":12,"column":2},"end":{"line":12,"column":7}},"loc":{"start":{"line":12,"column":20},"end":{"line":14,"column":3}}},"2":{"name":"(anonymous_6)","decl":{"start":{"line":18,"column":2},"end":{"line":18,"column":7}},"loc":{"start":{"line":19,"column":44},"end":{"line":22,"column":3}}}},"branchMap":{},"s":{"0":2,"1":2,"2":2,"3":2,"4":2,"5":1,"6":1,"7":2,"8":2,"9":2,"10":2},"f":{"0":2,"1":1,"2":1},"b":{}}
,"/Users/timoptimothy/Developer/github_repo/openrice_timothy_backend/src/district/district.module.ts": {"path":"/Users/timoptimothy/Developer/github_repo/openrice_timothy_backend/src/district/district.module.ts","statementMap":{"0":{"start":{"line":1,"column":0},"end":{"line":1,"column":40}},"1":{"start":{"line":2,"column":0},"end":{"line":2,"column":59}},"2":{"start":{"line":3,"column":0},"end":{"line":3,"column":59}},"3":{"start":{"line":4,"column":0},"end":{"line":4,"column":53}},"4":{"start":{"line":11,"column":7},"end":{"line":11,"column":null}},"5":{"start":{"line":11,"column":13},"end":{"line":11,"column":27}},"6":{"start":{"line":11,"column":13},"end":{"line":11,"column":null}}},"fnMap":{},"branchMap":{},"s":{"0":1,"1":1,"2":1,"3":1,"4":1,"5":1,"6":1},"f":{},"b":{}}
,"/Users/timoptimothy/Developer/github_repo/openrice_timothy_backend/src/district/district.service.ts": {"path":"/Users/timoptimothy/Developer/github_repo/openrice_timothy_backend/src/district/district.service.ts","statementMap":{"0":{"start":{"line":1,"column":0},"end":{"line":1,"column":52}},"1":{"start":{"line":2,"column":0},"end":{"line":2,"column":28}},"2":{"start":{"line":5,"column":7},"end":{"line":18,"column":null}},"3":{"start":{"line":6,"column":57},"end":{"line":6,"column":67}},"4":{"start":{"line":9,"column":4},"end":{"line":9,"column":56}},"5":{"start":{"line":13,"column":4},"end":{"line":16,"column":32}},"6":{"start":{"line":5,"column":13},"end":{"line":5,"column":28}},"7":{"start":{"line":5,"column":13},"end":{"line":18,"column":null}}},"fnMap":{"0":{"name":"(anonymous_4)","decl":{"start":{"line":6,"column":2},"end":{"line":6,"column":15}},"loc":{"start":{"line":6,"column":67},"end":{"line":6,"column":71}}},"1":{"name":"(anonymous_5)","decl":{"start":{"line":8,"column":2},"end":{"line":8,"column":7}},"loc":{"start":{"line":8,"column":20},"end":{"line":10,"column":3}}},"2":{"name":"(anonymous_6)","decl":{"start":{"line":12,"column":2},"end":{"line":12,"column":7}},"loc":{"start":{"line":12,"column":34},"end":{"line":17,"column":3}}}},"branchMap":{},"s":{"0":3,"1":3,"2":3,"3":1,"4":1,"5":1,"6":3,"7":3},"f":{"0":1,"1":1,"2":1},"b":{}}
,"/Users/timoptimothy/Developer/github_repo/openrice_timothy_backend/src/district/specs/expectedDistricts.ts": {"path":"/Users/timoptimothy/Developer/github_repo/openrice_timothy_backend/src/district/specs/expectedDistricts.ts","statementMap":{"0":{"start":{"line":1,"column":13},"end":{"line":8,"column":2}}},"fnMap":{},"branchMap":{},"s":{"0":9},"f":{},"b":{}}
,"/Users/timoptimothy/Developer/github_repo/openrice_timothy_backend/src/global/csp/csp.middleware.ts": {"path":"/Users/timoptimothy/Developer/github_repo/openrice_timothy_backend/src/global/csp/csp.middleware.ts","statementMap":{"0":{"start":{"line":1,"column":0},"end":{"line":1,"column":60}},"1":{"start":{"line":2,"column":0},"end":{"line":2,"column":43}},"2":{"start":{"line":6,"column":7},"end":{"line":15,"column":null}},"3":{"start":{"line":7,"column":31},"end":{"line":7,"column":43}},"4":{"start":{"line":10,"column":22},"end":{"line":10,"column":52}},"5":{"start":{"line":11,"column":4},"end":{"line":11,"column":56}},"6":{"start":{"line":13,"column":4},"end":{"line":13,"column":11}},"7":{"start":{"line":6,"column":13},"end":{"line":6,"column":26}},"8":{"start":{"line":6,"column":13},"end":{"line":15,"column":null}}},"fnMap":{"0":{"name":"(anonymous_2)","decl":{"start":{"line":7,"column":2},"end":{"line":7,"column":31}},"loc":{"start":{"line":7,"column":53},"end":{"line":7,"column":57}}},"1":{"name":"(anonymous_3)","decl":{"start":{"line":9,"column":2},"end":{"line":9,"column":5}},"loc":{"start":{"line":9,"column":51},"end":{"line":14,"column":3}}}},"branchMap":{},"s":{"0":1,"1":1,"2":1,"3":0,"4":0,"5":0,"6":0,"7":1,"8":1},"f":{"0":0,"1":0},"b":{}}
,"/Users/timoptimothy/Developer/github_repo/openrice_timothy_backend/src/global/csp/csp.module.ts": {"path":"/Users/timoptimothy/Developer/github_repo/openrice_timothy_backend/src/global/csp/csp.module.ts","statementMap":{"0":{"start":{"line":1,"column":0},"end":{"line":1,"column":72}},"1":{"start":{"line":2,"column":0},"end":{"line":2,"column":43}},"2":{"start":{"line":3,"column":0},"end":{"line":3,"column":49}},"3":{"start":{"line":8,"column":7},"end":{"line":12,"column":null}},"4":{"start":{"line":10,"column":4},"end":{"line":10,"column":49}},"5":{"start":{"line":8,"column":13},"end":{"line":8,"column":22}},"6":{"start":{"line":8,"column":13},"end":{"line":12,"column":null}}},"fnMap":{"0":{"name":"(anonymous_1)","decl":{"start":{"line":9,"column":2},"end":{"line":9,"column":11}},"loc":{"start":{"line":9,"column":40},"end":{"line":11,"column":3}}}},"branchMap":{},"s":{"0":1,"1":1,"2":1,"3":1,"4":0,"5":1,"6":1},"f":{"0":0},"b":{}}
,"/Users/timoptimothy/Developer/github_repo/openrice_timothy_backend/src/global/csp/csp.service.ts": {"path":"/Users/timoptimothy/Developer/github_repo/openrice_timothy_backend/src/global/csp/csp.service.ts","statementMap":{"0":{"start":{"line":1,"column":0},"end":{"line":1,"column":44}},"1":{"start":{"line":4,"column":7},"end":{"line":8,"column":null}},"2":{"start":{"line":6,"column":4},"end":{"line":6,"column":47}},"3":{"start":{"line":4,"column":13},"end":{"line":4,"column":23}},"4":{"start":{"line":4,"column":13},"end":{"line":8,"column":null}}},"fnMap":{"0":{"name":"(anonymous_1)","decl":{"start":{"line":5,"column":2},"end":{"line":5,"column":14}},"loc":{"start":{"line":5,"column":14},"end":{"line":7,"column":3}}}},"branchMap":{},"s":{"0":1,"1":1,"2":0,"3":1,"4":1},"f":{"0":0},"b":{}}
,"/Users/timoptimothy/Developer/github_repo/openrice_timothy_backend/src/global/guards/auth.guard.ts": {"path":"/Users/timoptimothy/Developer/github_repo/openrice_timothy_backend/src/global/guards/auth.guard.ts","statementMap":{"0":{"start":{"line":1,"column":0},"end":{"line":1,"column":75}},"1":{"start":{"line":3,"column":0},"end":{"line":3,"column":66}},"2":{"start":{"line":6,"column":7},"end":{"line":36,"column":null}},"3":{"start":{"line":7,"column":31},"end":{"line":7,"column":44}},"4":{"start":{"line":12,"column":20},"end":{"line":12,"column":55}},"5":{"start":{"line":14,"column":4},"end":{"line":17,"column":null}},"6":{"start":{"line":15,"column":6},"end":{"line":15,"column":48}},"7":{"start":{"line":16,"column":6},"end":{"line":16,"column":19}},"8":{"start":{"line":19,"column":18},"end":{"line":19,"column":62}},"9":{"start":{"line":21,"column":4},"end":{"line":32,"column":null}},"10":{"start":{"line":22,"column":22},"end":{"line":22,"column":59}},"11":{"start":{"line":23,"column":6},"end":{"line":31,"column":null}},"12":{"start":{"line":24,"column":8},"end":{"line":29,"column":10}},"13":{"start":{"line":30,"column":8},"end":{"line":30,"column":20}},"14":{"start":{"line":34,"column":4},"end":{"line":34,"column":17}},"15":{"start":{"line":6,"column":13},"end":{"line":6,"column":22}},"16":{"start":{"line":6,"column":13},"end":{"line":36,"column":null}}},"fnMap":{"0":{"name":"(anonymous_2)","decl":{"start":{"line":7,"column":2},"end":{"line":7,"column":31}},"loc":{"start":{"line":7,"column":55},"end":{"line":7,"column":59}}},"1":{"name":"(anonymous_3)","decl":{"start":{"line":9,"column":2},"end":{"line":9,"column":13}},"loc":{"start":{"line":10,"column":29},"end":{"line":35,"column":3}}}},"branchMap":{"0":{"loc":{"start":{"line":14,"column":4},"end":{"line":17,"column":null}},"type":"if","locations":[{"start":{"line":14,"column":4},"end":{"line":17,"column":null}}]},"1":{"loc":{"start":{"line":21,"column":4},"end":{"line":32,"column":null}},"type":"if","locations":[{"start":{"line":21,"column":4},"end":{"line":32,"column":null}}]},"2":{"loc":{"start":{"line":23,"column":6},"end":{"line":31,"column":null}},"type":"if","locations":[{"start":{"line":23,"column":6},"end":{"line":31,"column":null}}]}},"s":{"0":3,"1":3,"2":3,"3":3,"4":4,"5":4,"6":1,"7":1,"8":3,"9":3,"10":3,"11":3,"12":1,"13":1,"14":2,"15":3,"16":3},"f":{"0":3,"1":4},"b":{"0":[1],"1":[3],"2":[1]}}
,"/Users/timoptimothy/Developer/github_repo/openrice_timothy_backend/src/global/lib/hash.ts": {"path":"/Users/timoptimothy/Developer/github_repo/openrice_timothy_backend/src/global/lib/hash.ts","statementMap":{"0":{"start":{"line":1,"column":0},"end":{"line":1,"column":35}},"1":{"start":{"line":3,"column":20},"end":{"line":3,"column":22}},"2":{"start":{"line":6,"column":15},"end":{"line":6,"column":60}},"3":{"start":{"line":7,"column":2},"end":{"line":7,"column":14}},"4":{"start":{"line":5,"column":0},"end":{"line":5,"column":7}},"5":{"start":{"line":14,"column":16},"end":{"line":14,"column":65}},"6":{"start":{"line":15,"column":2},"end":{"line":15,"column":15}},"7":{"start":{"line":10,"column":0},"end":{"line":10,"column":7}}},"fnMap":{"0":{"name":"hashPassword","decl":{"start":{"line":5,"column":22},"end":{"line":5,"column":34}},"loc":{"start":{"line":5,"column":56},"end":{"line":8,"column":1}}},"1":{"name":"checkPassword","decl":{"start":{"line":10,"column":22},"end":{"line":10,"column":35}},"loc":{"start":{"line":12,"column":22},"end":{"line":16,"column":1}}}},"branchMap":{},"s":{"0":2,"1":2,"2":3,"3":3,"4":2,"5":2,"6":2,"7":2},"f":{"0":3,"1":2},"b":{}}
,"/Users/timoptimothy/Developer/github_repo/openrice_timothy_backend/src/global/modules/knex.module.ts": {"path":"/Users/timoptimothy/Developer/github_repo/openrice_timothy_backend/src/global/modules/knex.module.ts","statementMap":{"0":{"start":{"line":1,"column":0},"end":{"line":1,"column":48}},"1":{"start":{"line":2,"column":0},"end":{"line":2,"column":24}},"2":{"start":{"line":3,"column":0},"end":{"line":3,"column":44}},"3":{"start":{"line":5,"column":19},"end":{"line":5,"column":56}},"4":{"start":{"line":6,"column":19},"end":{"line":6,"column":42}},"5":{"start":{"line":21,"column":7},"end":{"line":21,"column":null}},"6":{"start":{"line":21,"column":13},"end":{"line":21,"column":23}},"7":{"start":{"line":21,"column":13},"end":{"line":21,"column":null}},"8":{"start":{"line":14,"column":21},"end":{"line":14,"column":37}},"9":{"start":{"line":15,"column":8},"end":{"line":15,"column":20}}},"fnMap":{"0":{"name":"(anonymous_1)","decl":{"start":{"line":13,"column":18},"end":{"line":13,"column":21}},"loc":{"start":{"line":13,"column":23},"end":{"line":16,"column":7}}}},"branchMap":{"0":{"loc":{"start":{"line":5,"column":19},"end":{"line":5,"column":56}},"type":"binary-expr","locations":[{"start":{"line":5,"column":19},"end":{"line":5,"column":39}},{"start":{"line":5,"column":43},"end":{"line":5,"column":56}}]}},"s":{"0":1,"1":1,"2":1,"3":1,"4":1,"5":1,"6":1,"7":1,"8":0,"9":0},"f":{"0":0},"b":{"0":[1,0]}}
,"/Users/timoptimothy/Developer/github_repo/openrice_timothy_backend/src/global/static/static.module.ts": {"path":"/Users/timoptimothy/Developer/github_repo/openrice_timothy_backend/src/global/static/static.module.ts","statementMap":{"0":{"start":{"line":1,"column":0},"end":{"line":1,"column":40}},"1":{"start":{"line":2,"column":0},"end":{"line":2,"column":57}},"2":{"start":{"line":3,"column":0},"end":{"line":3,"column":28}},"3":{"start":{"line":34,"column":7},"end":{"line":34,"column":null}},"4":{"start":{"line":34,"column":13},"end":{"line":34,"column":25}},"5":{"start":{"line":34,"column":13},"end":{"line":34,"column":null}}},"fnMap":{},"branchMap":{},"s":{"0":1,"1":1,"2":1,"3":1,"4":1,"5":1},"f":{},"b":{}}
,"/Users/timoptimothy/Developer/github_repo/openrice_timothy_backend/src/global/utils/enums/UserRole.ts": {"path":"/Users/timoptimothy/Developer/github_repo/openrice_timothy_backend/src/global/utils/enums/UserRole.ts","statementMap":{"0":{"start":{"line":1,"column":0},"end":{"line":1,"column":null}},"1":{"start":{"line":2,"column":2},"end":{"line":2,"column":null}},"2":{"start":{"line":3,"column":2},"end":{"line":3,"column":null}}},"fnMap":{"0":{"name":"(anonymous_0)","decl":{"start":{"line":1,"column":0},"end":{"line":1,"column":12}},"loc":{"start":{"line":1,"column":20},"end":{"line":4,"column":1}}}},"branchMap":{"0":{"loc":{"start":{"line":1,"column":12},"end":{"line":1,"column":null}},"type":"binary-expr","locations":[{"start":{"line":1,"column":12},"end":{"line":1,"column":20}},{"start":{"line":1,"column":20},"end":{"line":1,"column":null}}]}},"s":{"0":12,"1":12,"2":12},"f":{"0":12},"b":{"0":[12,12]}}
,"/Users/timoptimothy/Developer/github_repo/openrice_timothy_backend/src/paymentMethod/paymentMethod.controller.ts": {"path":"/Users/timoptimothy/Developer/github_repo/openrice_timothy_backend/src/paymentMethod/paymentMethod.controller.ts","statementMap":{"0":{"start":{"line":1,"column":0},"end":{"line":1,"column":56}},"1":{"start":{"line":2,"column":0},"end":{"line":2,"column":63}},"2":{"start":{"line":3,"column":0},"end":{"line":3,"column":52}},"3":{"start":{"line":8,"column":7},"end":{"line":27,"column":null}},"4":{"start":{"line":9,"column":31},"end":{"line":9,"column":53}},"5":{"start":{"line":13,"column":4},"end":{"line":13,"column":63}},"6":{"start":{"line":21,"column":4},"end":{"line":25,"column":9}},"7":{"start":{"line":8,"column":13},"end":{"line":8,"column":36}},"8":{"start":{"line":12,"column":8},"end":{"line":14,"column":null}},"9":{"start":{"line":18,"column":8},"end":{"line":26,"column":null}},"10":{"start":{"line":8,"column":13},"end":{"line":27,"column":null}}},"fnMap":{"0":{"name":"(anonymous_4)","decl":{"start":{"line":9,"column":2},"end":{"line":9,"column":31}},"loc":{"start":{"line":9,"column":73},"end":{"line":9,"column":77}}},"1":{"name":"(anonymous_5)","decl":{"start":{"line":12,"column":2},"end":{"line":12,"column":7}},"loc":{"start":{"line":12,"column":25},"end":{"line":14,"column":3}}},"2":{"name":"(anonymous_6)","decl":{"start":{"line":18,"column":2},"end":{"line":18,"column":7}},"loc":{"start":{"line":19,"column":50},"end":{"line":26,"column":3}}}},"branchMap":{},"s":{"0":2,"1":2,"2":2,"3":2,"4":2,"5":1,"6":1,"7":2,"8":2,"9":2,"10":2},"f":{"0":2,"1":1,"2":1},"b":{}}
,"/Users/timoptimothy/Developer/github_repo/openrice_timothy_backend/src/paymentMethod/paymentMethod.module.ts": {"path":"/Users/timoptimothy/Developer/github_repo/openrice_timothy_backend/src/paymentMethod/paymentMethod.module.ts","statementMap":{"0":{"start":{"line":1,"column":0},"end":{"line":1,"column":40}},"1":{"start":{"line":2,"column":0},"end":{"line":2,"column":59}},"2":{"start":{"line":3,"column":0},"end":{"line":3,"column":69}},"3":{"start":{"line":4,"column":0},"end":{"line":4,"column":63}},"4":{"start":{"line":11,"column":7},"end":{"line":11,"column":null}},"5":{"start":{"line":11,"column":13},"end":{"line":11,"column":32}},"6":{"start":{"line":11,"column":13},"end":{"line":11,"column":null}}},"fnMap":{},"branchMap":{},"s":{"0":1,"1":1,"2":1,"3":1,"4":1,"5":1,"6":1},"f":{},"b":{}}
,"/Users/timoptimothy/Developer/github_repo/openrice_timothy_backend/src/paymentMethod/paymentMethod.service.ts": {"path":"/Users/timoptimothy/Developer/github_repo/openrice_timothy_backend/src/paymentMethod/paymentMethod.service.ts","statementMap":{"0":{"start":{"line":1,"column":0},"end":{"line":1,"column":52}},"1":{"start":{"line":2,"column":0},"end":{"line":2,"column":28}},"2":{"start":{"line":5,"column":7},"end":{"line":18,"column":null}},"3":{"start":{"line":6,"column":57},"end":{"line":6,"column":67}},"4":{"start":{"line":9,"column":4},"end":{"line":9,"column":62}},"5":{"start":{"line":13,"column":4},"end":{"line":16,"column":38}},"6":{"start":{"line":5,"column":13},"end":{"line":5,"column":33}},"7":{"start":{"line":5,"column":13},"end":{"line":18,"column":null}}},"fnMap":{"0":{"name":"(anonymous_4)","decl":{"start":{"line":6,"column":2},"end":{"line":6,"column":15}},"loc":{"start":{"line":6,"column":67},"end":{"line":6,"column":71}}},"1":{"name":"(anonymous_5)","decl":{"start":{"line":8,"column":2},"end":{"line":8,"column":7}},"loc":{"start":{"line":8,"column":25},"end":{"line":10,"column":3}}},"2":{"name":"(anonymous_6)","decl":{"start":{"line":12,"column":2},"end":{"line":12,"column":7}},"loc":{"start":{"line":12,"column":39},"end":{"line":17,"column":3}}}},"branchMap":{},"s":{"0":3,"1":3,"2":3,"3":1,"4":1,"5":1,"6":3,"7":3},"f":{"0":1,"1":1,"2":1},"b":{}}
,"/Users/timoptimothy/Developer/github_repo/openrice_timothy_backend/src/paymentMethod/specs/expectedPaymentMethods.ts": {"path":"/Users/timoptimothy/Developer/github_repo/openrice_timothy_backend/src/paymentMethod/specs/expectedPaymentMethods.ts","statementMap":{"0":{"start":{"line":1,"column":13},"end":{"line":8,"column":2}}},"fnMap":{},"branchMap":{},"s":{"0":3},"f":{},"b":{}}
,"/Users/timoptimothy/Developer/github_repo/openrice_timothy_backend/src/photo/photo.controller.ts": {"path":"/Users/timoptimothy/Developer/github_repo/openrice_timothy_backend/src/photo/photo.controller.ts","statementMap":{"0":{"start":{"line":1,"column":0},"end":{"line":1,"column":76}},"1":{"start":{"line":2,"column":0},"end":{"line":2,"column":47}},"2":{"start":{"line":3,"column":0},"end":{"line":3,"column":56}},"3":{"start":{"line":4,"column":0},"end":{"line":4,"column":52}},"4":{"start":{"line":9,"column":7},"end":{"line":44,"column":null}},"5":{"start":{"line":10,"column":31},"end":{"line":10,"column":45}},"6":{"start":{"line":14,"column":4},"end":{"line":14,"column":47}},"7":{"start":{"line":22,"column":4},"end":{"line":22,"column":70}},"8":{"start":{"line":29,"column":4},"end":{"line":29,"column":68}},"9":{"start":{"line":37,"column":23},"end":{"line":37,"column":76}},"10":{"start":{"line":38,"column":4},"end":{"line":42,"column":null}},"11":{"start":{"line":39,"column":6},"end":{"line":39,"column":71}},"12":{"start":{"line":41,"column":6},"end":{"line":41,"column":55}},"13":{"start":{"line":9,"column":13},"end":{"line":9,"column":28}},"14":{"start":{"line":13,"column":8},"end":{"line":15,"column":null}},"15":{"start":{"line":19,"column":8},"end":{"line":23,"column":null}},"16":{"start":{"line":26,"column":8},"end":{"line":30,"column":null}},"17":{"start":{"line":34,"column":8},"end":{"line":43,"column":null}},"18":{"start":{"line":9,"column":13},"end":{"line":44,"column":null}}},"fnMap":{"0":{"name":"(anonymous_4)","decl":{"start":{"line":10,"column":2},"end":{"line":10,"column":31}},"loc":{"start":{"line":10,"column":57},"end":{"line":10,"column":61}}},"1":{"name":"(anonymous_5)","decl":{"start":{"line":13,"column":2},"end":{"line":13,"column":7}},"loc":{"start":{"line":13,"column":17},"end":{"line":15,"column":3}}},"2":{"name":"(anonymous_6)","decl":{"start":{"line":19,"column":2},"end":{"line":19,"column":7}},"loc":{"start":{"line":20,"column":41},"end":{"line":23,"column":3}}},"3":{"name":"(anonymous_7)","decl":{"start":{"line":26,"column":2},"end":{"line":26,"column":7}},"loc":{"start":{"line":27,"column":42},"end":{"line":30,"column":3}}},"4":{"name":"(anonymous_8)","decl":{"start":{"line":34,"column":2},"end":{"line":34,"column":7}},"loc":{"start":{"line":35,"column":41},"end":{"line":43,"column":3}}}},"branchMap":{"0":{"loc":{"start":{"line":38,"column":4},"end":{"line":42,"column":null}},"type":"if","locations":[{"start":{"line":38,"column":4},"end":{"line":42,"column":null}},{"start":{"line":40,"column":11},"end":{"line":42,"column":null}}]}},"s":{"0":2,"1":2,"2":2,"3":2,"4":2,"5":2,"6":1,"7":1,"8":1,"9":2,"10":2,"11":1,"12":1,"13":2,"14":2,"15":2,"16":2,"17":2,"18":2},"f":{"0":2,"1":1,"2":1,"3":1,"4":2},"b":{"0":[1,1]}}
,"/Users/timoptimothy/Developer/github_repo/openrice_timothy_backend/src/photo/photo.module.ts": {"path":"/Users/timoptimothy/Developer/github_repo/openrice_timothy_backend/src/photo/photo.module.ts","statementMap":{"0":{"start":{"line":1,"column":0},"end":{"line":1,"column":40}},"1":{"start":{"line":2,"column":0},"end":{"line":2,"column":59}},"2":{"start":{"line":3,"column":0},"end":{"line":3,"column":53}},"3":{"start":{"line":4,"column":0},"end":{"line":4,"column":47}},"4":{"start":{"line":11,"column":7},"end":{"line":11,"column":null}},"5":{"start":{"line":11,"column":13},"end":{"line":11,"column":24}},"6":{"start":{"line":11,"column":13},"end":{"line":11,"column":null}}},"fnMap":{},"branchMap":{},"s":{"0":1,"1":1,"2":1,"3":1,"4":1,"5":1,"6":1},"f":{},"b":{}}
,"/Users/timoptimothy/Developer/github_repo/openrice_timothy_backend/src/photo/photo.service.ts": {"path":"/Users/timoptimothy/Developer/github_repo/openrice_timothy_backend/src/photo/photo.service.ts","statementMap":{"0":{"start":{"line":1,"column":0},"end":{"line":1,"column":52}},"1":{"start":{"line":2,"column":0},"end":{"line":2,"column":28}},"2":{"start":{"line":6,"column":7},"end":{"line":34,"column":null}},"3":{"start":{"line":7,"column":57},"end":{"line":7,"column":67}},"4":{"start":{"line":10,"column":4},"end":{"line":10,"column":53}},"5":{"start":{"line":14,"column":4},"end":{"line":14,"column":75}},"6":{"start":{"line":18,"column":4},"end":{"line":25,"column":22}},"7":{"start":{"line":29,"column":4},"end":{"line":32,"column":22}},"8":{"start":{"line":6,"column":13},"end":{"line":6,"column":25}},"9":{"start":{"line":6,"column":13},"end":{"line":34,"column":null}}},"fnMap":{"0":{"name":"(anonymous_4)","decl":{"start":{"line":7,"column":2},"end":{"line":7,"column":15}},"loc":{"start":{"line":7,"column":67},"end":{"line":7,"column":71}}},"1":{"name":"(anonymous_5)","decl":{"start":{"line":9,"column":2},"end":{"line":9,"column":7}},"loc":{"start":{"line":9,"column":17},"end":{"line":11,"column":3}}},"2":{"name":"(anonymous_6)","decl":{"start":{"line":13,"column":2},"end":{"line":13,"column":7}},"loc":{"start":{"line":13,"column":31},"end":{"line":15,"column":3}}},"3":{"name":"(anonymous_7)","decl":{"start":{"line":17,"column":2},"end":{"line":17,"column":7}},"loc":{"start":{"line":17,"column":41},"end":{"line":26,"column":3}}},"4":{"name":"(anonymous_8)","decl":{"start":{"line":28,"column":2},"end":{"line":28,"column":7}},"loc":{"start":{"line":28,"column":30},"end":{"line":33,"column":3}}}},"branchMap":{},"s":{"0":3,"1":3,"2":3,"3":1,"4":1,"5":1,"6":1,"7":1,"8":3,"9":3},"f":{"0":1,"1":1,"2":1,"3":1,"4":1},"b":{}}
,"/Users/timoptimothy/Developer/github_repo/openrice_timothy_backend/src/photo/dto/create_photo.dto.ts": {"path":"/Users/timoptimothy/Developer/github_repo/openrice_timothy_backend/src/photo/dto/create_photo.dto.ts","statementMap":{"0":{"start":{"line":1,"column":0},"end":{"line":1,"column":46}},"1":{"start":{"line":3,"column":0},"end":{"line":3,"column":13}},"2":{"start":{"line":8,"column":2},"end":{"line":8,"column":null}},"3":{"start":{"line":14,"column":2},"end":{"line":14,"column":null}},"4":{"start":{"line":20,"column":2},"end":{"line":20,"column":null}}},"fnMap":{},"branchMap":{},"s":{"0":2,"1":2,"2":2,"3":2,"4":2},"f":{},"b":{}}
,"/Users/timoptimothy/Developer/github_repo/openrice_timothy_backend/src/photo/specs/expectedPhotos.ts": {"path":"/Users/timoptimothy/Developer/github_repo/openrice_timothy_backend/src/photo/specs/expectedPhotos.ts","statementMap":{"0":{"start":{"line":1,"column":13},"end":{"line":10,"column":2}}},"fnMap":{},"branchMap":{},"s":{"0":2},"f":{},"b":{}}
,"/Users/timoptimothy/Developer/github_repo/openrice_timothy_backend/src/photoCategory/photoCategory.controller.ts": {"path":"/Users/timoptimothy/Developer/github_repo/openrice_timothy_backend/src/photoCategory/photoCategory.controller.ts","statementMap":{"0":{"start":{"line":1,"column":0},"end":{"line":1,"column":56}},"1":{"start":{"line":2,"column":0},"end":{"line":2,"column":63}},"2":{"start":{"line":3,"column":0},"end":{"line":3,"column":52}},"3":{"start":{"line":9,"column":7},"end":{"line":28,"column":null}},"4":{"start":{"line":10,"column":31},"end":{"line":10,"column":53}},"5":{"start":{"line":14,"column":4},"end":{"line":14,"column":64}},"6":{"start":{"line":22,"column":4},"end":{"line":26,"column":9}},"7":{"start":{"line":9,"column":13},"end":{"line":9,"column":36}},"8":{"start":{"line":13,"column":8},"end":{"line":15,"column":null}},"9":{"start":{"line":19,"column":8},"end":{"line":27,"column":null}},"10":{"start":{"line":9,"column":13},"end":{"line":28,"column":null}}},"fnMap":{"0":{"name":"(anonymous_4)","decl":{"start":{"line":10,"column":2},"end":{"line":10,"column":31}},"loc":{"start":{"line":10,"column":73},"end":{"line":10,"column":77}}},"1":{"name":"(anonymous_5)","decl":{"start":{"line":13,"column":2},"end":{"line":13,"column":7}},"loc":{"start":{"line":13,"column":26},"end":{"line":15,"column":3}}},"2":{"name":"(anonymous_6)","decl":{"start":{"line":19,"column":2},"end":{"line":19,"column":7}},"loc":{"start":{"line":20,"column":50},"end":{"line":27,"column":3}}}},"branchMap":{},"s":{"0":2,"1":2,"2":2,"3":2,"4":2,"5":1,"6":1,"7":2,"8":2,"9":2,"10":2},"f":{"0":2,"1":1,"2":1},"b":{}}
,"/Users/timoptimothy/Developer/github_repo/openrice_timothy_backend/src/photoCategory/photoCategory.module.ts": {"path":"/Users/timoptimothy/Developer/github_repo/openrice_timothy_backend/src/photoCategory/photoCategory.module.ts","statementMap":{"0":{"start":{"line":1,"column":0},"end":{"line":1,"column":40}},"1":{"start":{"line":2,"column":0},"end":{"line":2,"column":59}},"2":{"start":{"line":3,"column":0},"end":{"line":3,"column":69}},"3":{"start":{"line":4,"column":0},"end":{"line":4,"column":63}},"4":{"start":{"line":11,"column":7},"end":{"line":11,"column":null}},"5":{"start":{"line":11,"column":13},"end":{"line":11,"column":32}},"6":{"start":{"line":11,"column":13},"end":{"line":11,"column":null}}},"fnMap":{},"branchMap":{},"s":{"0":1,"1":1,"2":1,"3":1,"4":1,"5":1,"6":1},"f":{},"b":{}}
,"/Users/timoptimothy/Developer/github_repo/openrice_timothy_backend/src/photoCategory/photoCategory.service.ts": {"path":"/Users/timoptimothy/Developer/github_repo/openrice_timothy_backend/src/photoCategory/photoCategory.service.ts","statementMap":{"0":{"start":{"line":1,"column":0},"end":{"line":1,"column":52}},"1":{"start":{"line":2,"column":0},"end":{"line":2,"column":28}},"2":{"start":{"line":5,"column":7},"end":{"line":18,"column":null}},"3":{"start":{"line":6,"column":57},"end":{"line":6,"column":67}},"4":{"start":{"line":9,"column":4},"end":{"line":9,"column":62}},"5":{"start":{"line":13,"column":4},"end":{"line":16,"column":38}},"6":{"start":{"line":5,"column":13},"end":{"line":5,"column":33}},"7":{"start":{"line":5,"column":13},"end":{"line":18,"column":null}}},"fnMap":{"0":{"name":"(anonymous_4)","decl":{"start":{"line":6,"column":2},"end":{"line":6,"column":15}},"loc":{"start":{"line":6,"column":67},"end":{"line":6,"column":71}}},"1":{"name":"(anonymous_5)","decl":{"start":{"line":8,"column":2},"end":{"line":8,"column":7}},"loc":{"start":{"line":8,"column":26},"end":{"line":10,"column":3}}},"2":{"name":"(anonymous_6)","decl":{"start":{"line":12,"column":2},"end":{"line":12,"column":7}},"loc":{"start":{"line":12,"column":39},"end":{"line":17,"column":3}}}},"branchMap":{},"s":{"0":3,"1":3,"2":3,"3":1,"4":1,"5":1,"6":3,"7":3},"f":{"0":1,"1":1,"2":1},"b":{}}
,"/Users/timoptimothy/Developer/github_repo/openrice_timothy_backend/src/photoCategory/specs/expectedPhotoCategories.ts": {"path":"/Users/timoptimothy/Developer/github_repo/openrice_timothy_backend/src/photoCategory/specs/expectedPhotoCategories.ts","statementMap":{"0":{"start":{"line":1,"column":13},"end":{"line":8,"column":2}}},"fnMap":{},"branchMap":{},"s":{"0":3},"f":{},"b":{}}
,"/Users/timoptimothy/Developer/github_repo/openrice_timothy_backend/src/restaurant/restaurant.controller.ts": {"path":"/Users/timoptimothy/Developer/github_repo/openrice_timothy_backend/src/restaurant/restaurant.controller.ts","statementMap":{"0":{"start":{"line":1,"column":0},"end":{"line":1,"column":null}},"1":{"start":{"line":13,"column":0},"end":{"line":13,"column":66}},"2":{"start":{"line":14,"column":0},"end":{"line":14,"column":66}},"3":{"start":{"line":15,"column":0},"end":{"line":15,"column":57}},"4":{"start":{"line":16,"column":0},"end":{"line":16,"column":62}},"5":{"start":{"line":18,"column":0},"end":{"line":18,"column":58}},"6":{"start":{"line":22,"column":7},"end":{"line":140,"column":null}},"7":{"start":{"line":23,"column":31},"end":{"line":23,"column":50}},"8":{"start":{"line":39,"column":24},"end":{"line":41,"column":null}},"9":{"start":{"line":44,"column":4},"end":{"line":60,"column":null}},"10":{"start":{"line":45,"column":6},"end":{"line":47,"column":8}},"11":{"start":{"line":46,"column":8},"end":{"line":46,"column":66}},"12":{"start":{"line":49,"column":6},"end":{"line":59,"column":8}},"13":{"start":{"line":50,"column":53},"end":{"line":58,"column":10}},"14":{"start":{"line":62,"column":4},"end":{"line":72,"column":6}},"15":{"start":{"line":63,"column":45},"end":{"line":71,"column":8}},"16":{"start":{"line":80,"column":23},"end":{"line":82,"column":8}},"17":{"start":{"line":83,"column":4},"end":{"line":91,"column":6}},"18":{"start":{"line":98,"column":4},"end":{"line":100,"column":9}},"19":{"start":{"line":109,"column":28},"end":{"line":110,"column":null}},"20":{"start":{"line":112,"column":4},"end":{"line":121,"column":null}},"21":{"start":{"line":113,"column":6},"end":{"line":118,"column":11}},"22":{"start":{"line":120,"column":6},"end":{"line":120,"column":60}},"23":{"start":{"line":129,"column":28},"end":{"line":130,"column":null}},"24":{"start":{"line":132,"column":4},"end":{"line":138,"column":null}},"25":{"start":{"line":133,"column":6},"end":{"line":135,"column":11}},"26":{"start":{"line":137,"column":6},"end":{"line":137,"column":60}},"27":{"start":{"line":22,"column":13},"end":{"line":22,"column":33}},"28":{"start":{"line":30,"column":8},"end":{"line":73,"column":null}},"29":{"start":{"line":77,"column":8},"end":{"line":92,"column":null}},"30":{"start":{"line":95,"column":8},"end":{"line":101,"column":null}},"31":{"start":{"line":105,"column":8},"end":{"line":122,"column":null}},"32":{"start":{"line":126,"column":8},"end":{"line":139,"column":null}},"33":{"start":{"line":22,"column":13},"end":{"line":140,"column":null}}},"fnMap":{"0":{"name":"(anonymous_4)","decl":{"start":{"line":23,"column":2},"end":{"line":23,"column":31}},"loc":{"start":{"line":23,"column":67},"end":{"line":23,"column":71}}},"1":{"name":"(anonymous_5)","decl":{"start":{"line":30,"column":2},"end":{"line":30,"column":7}},"loc":{"start":{"line":36,"column":16},"end":{"line":73,"column":3}}},"2":{"name":"(anonymous_6)","decl":{"start":{"line":45,"column":45},"end":{"line":45,"column":46}},"loc":{"start":{"line":46,"column":8},"end":{"line":46,"column":66}}},"3":{"name":"(anonymous_7)","decl":{"start":{"line":50,"column":30},"end":{"line":50,"column":35}},"loc":{"start":{"line":50,"column":53},"end":{"line":58,"column":10}}},"4":{"name":"(anonymous_8)","decl":{"start":{"line":63,"column":22},"end":{"line":63,"column":27}},"loc":{"start":{"line":63,"column":45},"end":{"line":71,"column":8}}},"5":{"name":"(anonymous_9)","decl":{"start":{"line":77,"column":2},"end":{"line":77,"column":7}},"loc":{"start":{"line":78,"column":46},"end":{"line":92,"column":3}}},"6":{"name":"(anonymous_10)","decl":{"start":{"line":95,"column":2},"end":{"line":95,"column":7}},"loc":{"start":{"line":96,"column":52},"end":{"line":101,"column":3}}},"7":{"name":"(anonymous_11)","decl":{"start":{"line":105,"column":2},"end":{"line":105,"column":7}},"loc":{"start":{"line":107,"column":52},"end":{"line":122,"column":3}}},"8":{"name":"(anonymous_12)","decl":{"start":{"line":126,"column":2},"end":{"line":126,"column":7}},"loc":{"start":{"line":127,"column":46},"end":{"line":139,"column":3}}}},"branchMap":{"0":{"loc":{"start":{"line":44,"column":4},"end":{"line":60,"column":null}},"type":"if","locations":[{"start":{"line":44,"column":4},"end":{"line":60,"column":null}}]},"1":{"loc":{"start":{"line":112,"column":4},"end":{"line":121,"column":null}},"type":"if","locations":[{"start":{"line":112,"column":4},"end":{"line":121,"column":null}},{"start":{"line":119,"column":11},"end":{"line":121,"column":null}}]},"2":{"loc":{"start":{"line":132,"column":4},"end":{"line":138,"column":null}},"type":"if","locations":[{"start":{"line":132,"column":4},"end":{"line":138,"column":null}},{"start":{"line":136,"column":11},"end":{"line":138,"column":null}}]}},"s":{"0":2,"1":2,"2":2,"3":2,"4":2,"5":2,"6":2,"7":2,"8":2,"9":2,"10":1,"11":1,"12":1,"13":1,"14":1,"15":1,"16":1,"17":1,"18":1,"19":2,"20":2,"21":1,"22":1,"23":2,"24":2,"25":1,"26":1,"27":2,"28":2,"29":2,"30":2,"31":2,"32":2,"33":2},"f":{"0":2,"1":2,"2":1,"3":1,"4":1,"5":1,"6":1,"7":2,"8":2},"b":{"0":[1],"1":[1,1],"2":[1,1]}}
,"/Users/timoptimothy/Developer/github_repo/openrice_timothy_backend/src/restaurant/restaurant.module.ts": {"path":"/Users/timoptimothy/Developer/github_repo/openrice_timothy_backend/src/restaurant/restaurant.module.ts","statementMap":{"0":{"start":{"line":1,"column":0},"end":{"line":1,"column":40}},"1":{"start":{"line":2,"column":0},"end":{"line":2,"column":59}},"2":{"start":{"line":3,"column":0},"end":{"line":3,"column":63}},"3":{"start":{"line":4,"column":0},"end":{"line":4,"column":57}},"4":{"start":{"line":11,"column":7},"end":{"line":11,"column":null}},"5":{"start":{"line":11,"column":13},"end":{"line":11,"column":29}},"6":{"start":{"line":11,"column":13},"end":{"line":11,"column":null}}},"fnMap":{},"branchMap":{},"s":{"0":1,"1":1,"2":1,"3":1,"4":1,"5":1,"6":1},"f":{},"b":{}}
,"/Users/timoptimothy/Developer/github_repo/openrice_timothy_backend/src/restaurant/restaurant.service.ts": {"path":"/Users/timoptimothy/Developer/github_repo/openrice_timothy_backend/src/restaurant/restaurant.service.ts","statementMap":{"0":{"start":{"line":1,"column":0},"end":{"line":1,"column":52}},"1":{"start":{"line":2,"column":0},"end":{"line":2,"column":28}},"2":{"start":{"line":7,"column":7},"end":{"line":66,"column":null}},"3":{"start":{"line":8,"column":57},"end":{"line":8,"column":67}},"4":{"start":{"line":11,"column":4},"end":{"line":15,"column":22}},"5":{"start":{"line":19,"column":4},"end":{"line":22,"column":34}},"6":{"start":{"line":26,"column":4},"end":{"line":34,"column":22}},"7":{"start":{"line":38,"column":4},"end":{"line":41,"column":22}},"8":{"start":{"line":45,"column":4},"end":{"line":48,"column":22}},"9":{"start":{"line":52,"column":24},"end":{"line":54,"column":12}},"10":{"start":{"line":55,"column":24},"end":{"line":57,"column":14}},"11":{"start":{"line":58,"column":4},"end":{"line":58,"column":67}},"12":{"start":{"line":62,"column":4},"end":{"line":64,"column":15}},"13":{"start":{"line":7,"column":13},"end":{"line":7,"column":30}},"14":{"start":{"line":7,"column":13},"end":{"line":66,"column":null}}},"fnMap":{"0":{"name":"(anonymous_4)","decl":{"start":{"line":8,"column":2},"end":{"line":8,"column":15}},"loc":{"start":{"line":8,"column":67},"end":{"line":8,"column":71}}},"1":{"name":"(anonymous_5)","decl":{"start":{"line":10,"column":2},"end":{"line":10,"column":7}},"loc":{"start":{"line":10,"column":52},"end":{"line":16,"column":3}}},"2":{"name":"(anonymous_6)","decl":{"start":{"line":18,"column":2},"end":{"line":18,"column":7}},"loc":{"start":{"line":18,"column":36},"end":{"line":23,"column":3}}},"3":{"name":"(anonymous_7)","decl":{"start":{"line":25,"column":2},"end":{"line":25,"column":7}},"loc":{"start":{"line":25,"column":56},"end":{"line":35,"column":3}}},"4":{"name":"(anonymous_8)","decl":{"start":{"line":37,"column":2},"end":{"line":37,"column":7}},"loc":{"start":{"line":37,"column":68},"end":{"line":42,"column":3}}},"5":{"name":"(anonymous_9)","decl":{"start":{"line":44,"column":2},"end":{"line":44,"column":7}},"loc":{"start":{"line":44,"column":35},"end":{"line":49,"column":3}}},"6":{"name":"(anonymous_10)","decl":{"start":{"line":51,"column":2},"end":{"line":51,"column":7}},"loc":{"start":{"line":51,"column":35},"end":{"line":59,"column":3}}},"7":{"name":"(anonymous_11)","decl":{"start":{"line":61,"column":2},"end":{"line":61,"column":7}},"loc":{"start":{"line":61,"column":33},"end":{"line":65,"column":3}}}},"branchMap":{},"s":{"0":3,"1":3,"2":3,"3":1,"4":1,"5":1,"6":1,"7":1,"8":1,"9":1,"10":1,"11":1,"12":1,"13":3,"14":3},"f":{"0":1,"1":1,"2":1,"3":1,"4":1,"5":1,"6":1,"7":1},"b":{}}
,"/Users/timoptimothy/Developer/github_repo/openrice_timothy_backend/src/restaurant/dto/create_restaurant.dto.ts": {"path":"/Users/timoptimothy/Developer/github_repo/openrice_timothy_backend/src/restaurant/dto/create_restaurant.dto.ts","statementMap":{"0":{"start":{"line":1,"column":0},"end":{"line":1,"column":13}}},"fnMap":{},"branchMap":{},"s":{"0":2},"f":{},"b":{}}
,"/Users/timoptimothy/Developer/github_repo/openrice_timothy_backend/src/restaurant/dto/update_restaurant.dto.ts": {"path":"/Users/timoptimothy/Developer/github_repo/openrice_timothy_backend/src/restaurant/dto/update_restaurant.dto.ts","statementMap":{"0":{"start":{"line":1,"column":0},"end":{"line":1,"column":13}}},"fnMap":{},"branchMap":{},"s":{"0":2},"f":{},"b":{}}
,"/Users/timoptimothy/Developer/github_repo/openrice_timothy_backend/src/restaurant/specs/expectedRestaurants.ts": {"path":"/Users/timoptimothy/Developer/github_repo/openrice_timothy_backend/src/restaurant/specs/expectedRestaurants.ts","statementMap":{"0":{"start":{"line":1,"column":13},"end":{"line":18,"column":2}}},"fnMap":{},"branchMap":{},"s":{"0":8},"f":{},"b":{}}
,"/Users/timoptimothy/Developer/github_repo/openrice_timothy_backend/src/restaurantDish/restaurantDish.controller.ts": {"path":"/Users/timoptimothy/Developer/github_repo/openrice_timothy_backend/src/restaurantDish/restaurantDish.controller.ts","statementMap":{"0":{"start":{"line":1,"column":0},"end":{"line":1,"column":76}},"1":{"start":{"line":2,"column":0},"end":{"line":2,"column":65}},"2":{"start":{"line":3,"column":0},"end":{"line":3,"column":75}},"3":{"start":{"line":4,"column":0},"end":{"line":4,"column":52}},"4":{"start":{"line":9,"column":7},"end":{"line":59,"column":null}},"5":{"start":{"line":10,"column":31},"end":{"line":10,"column":54}},"6":{"start":{"line":14,"column":4},"end":{"line":14,"column":66}},"7":{"start":{"line":22,"column":4},"end":{"line":26,"column":9}},"8":{"start":{"line":33,"column":4},"end":{"line":37,"column":9}},"9":{"start":{"line":46,"column":6},"end":{"line":47,"column":null}},"10":{"start":{"line":49,"column":4},"end":{"line":57,"column":null}},"11":{"start":{"line":50,"column":6},"end":{"line":54,"column":11}},"12":{"start":{"line":56,"column":6},"end":{"line":56,"column":65}},"13":{"start":{"line":9,"column":13},"end":{"line":9,"column":37}},"14":{"start":{"line":13,"column":8},"end":{"line":15,"column":null}},"15":{"start":{"line":19,"column":8},"end":{"line":27,"column":null}},"16":{"start":{"line":30,"column":8},"end":{"line":38,"column":null}},"17":{"start":{"line":42,"column":8},"end":{"line":58,"column":null}},"18":{"start":{"line":9,"column":13},"end":{"line":59,"column":null}}},"fnMap":{"0":{"name":"(anonymous_4)","decl":{"start":{"line":10,"column":2},"end":{"line":10,"column":31}},"loc":{"start":{"line":10,"column":75},"end":{"line":10,"column":79}}},"1":{"name":"(anonymous_5)","decl":{"start":{"line":13,"column":2},"end":{"line":13,"column":7}},"loc":{"start":{"line":13,"column":27},"end":{"line":15,"column":3}}},"2":{"name":"(anonymous_6)","decl":{"start":{"line":19,"column":2},"end":{"line":19,"column":7}},"loc":{"start":{"line":20,"column":51},"end":{"line":27,"column":3}}},"3":{"name":"(anonymous_7)","decl":{"start":{"line":30,"column":2},"end":{"line":30,"column":7}},"loc":{"start":{"line":31,"column":60},"end":{"line":38,"column":3}}},"4":{"name":"(anonymous_8)","decl":{"start":{"line":42,"column":2},"end":{"line":42,"column":7}},"loc":{"start":{"line":43,"column":51},"end":{"line":58,"column":3}}}},"branchMap":{"0":{"loc":{"start":{"line":49,"column":4},"end":{"line":57,"column":null}},"type":"if","locations":[{"start":{"line":49,"column":4},"end":{"line":57,"column":null}},{"start":{"line":55,"column":11},"end":{"line":57,"column":null}}]}},"s":{"0":2,"1":2,"2":2,"3":2,"4":2,"5":2,"6":1,"7":1,"8":1,"9":2,"10":2,"11":1,"12":1,"13":2,"14":2,"15":2,"16":2,"17":2,"18":2},"f":{"0":2,"1":1,"2":1,"3":1,"4":2},"b":{"0":[1,1]}}
,"/Users/timoptimothy/Developer/github_repo/openrice_timothy_backend/src/restaurantDish/restaurantDish.module.ts": {"path":"/Users/timoptimothy/Developer/github_repo/openrice_timothy_backend/src/restaurantDish/restaurantDish.module.ts","statementMap":{"0":{"start":{"line":1,"column":0},"end":{"line":1,"column":40}},"1":{"start":{"line":2,"column":0},"end":{"line":2,"column":59}},"2":{"start":{"line":3,"column":0},"end":{"line":3,"column":71}},"3":{"start":{"line":4,"column":0},"end":{"line":4,"column":65}},"4":{"start":{"line":11,"column":7},"end":{"line":11,"column":null}},"5":{"start":{"line":11,"column":13},"end":{"line":11,"column":33}},"6":{"start":{"line":11,"column":13},"end":{"line":11,"column":null}}},"fnMap":{},"branchMap":{},"s":{"0":1,"1":1,"2":1,"3":1,"4":1,"5":1,"6":1},"f":{},"b":{}}
,"/Users/timoptimothy/Developer/github_repo/openrice_timothy_backend/src/restaurantDish/restaurantDish.service.ts": {"path":"/Users/timoptimothy/Developer/github_repo/openrice_timothy_backend/src/restaurantDish/restaurantDish.service.ts","statementMap":{"0":{"start":{"line":1,"column":0},"end":{"line":1,"column":52}},"1":{"start":{"line":2,"column":0},"end":{"line":2,"column":28}},"2":{"start":{"line":6,"column":7},"end":{"line":37,"column":null}},"3":{"start":{"line":7,"column":57},"end":{"line":7,"column":67}},"4":{"start":{"line":10,"column":4},"end":{"line":10,"column":63}},"5":{"start":{"line":14,"column":4},"end":{"line":17,"column":39}},"6":{"start":{"line":21,"column":4},"end":{"line":28,"column":22}},"7":{"start":{"line":32,"column":4},"end":{"line":35,"column":22}},"8":{"start":{"line":6,"column":13},"end":{"line":6,"column":34}},"9":{"start":{"line":6,"column":13},"end":{"line":37,"column":null}}},"fnMap":{"0":{"name":"(anonymous_4)","decl":{"start":{"line":7,"column":2},"end":{"line":7,"column":15}},"loc":{"start":{"line":7,"column":67},"end":{"line":7,"column":71}}},"1":{"name":"(anonymous_5)","decl":{"start":{"line":9,"column":2},"end":{"line":9,"column":7}},"loc":{"start":{"line":9,"column":27},"end":{"line":11,"column":3}}},"2":{"name":"(anonymous_6)","decl":{"start":{"line":13,"column":2},"end":{"line":13,"column":7}},"loc":{"start":{"line":13,"column":40},"end":{"line":18,"column":3}}},"3":{"name":"(anonymous_7)","decl":{"start":{"line":20,"column":2},"end":{"line":20,"column":7}},"loc":{"start":{"line":20,"column":68},"end":{"line":29,"column":3}}},"4":{"name":"(anonymous_8)","decl":{"start":{"line":31,"column":2},"end":{"line":31,"column":7}},"loc":{"start":{"line":31,"column":39},"end":{"line":36,"column":3}}}},"branchMap":{},"s":{"0":3,"1":3,"2":3,"3":1,"4":1,"5":1,"6":1,"7":1,"8":3,"9":3},"f":{"0":1,"1":1,"2":1,"3":1,"4":1},"b":{}}
,"/Users/timoptimothy/Developer/github_repo/openrice_timothy_backend/src/restaurantDish/dto/create_restaurant_dish.dto.ts": {"path":"/Users/timoptimothy/Developer/github_repo/openrice_timothy_backend/src/restaurantDish/dto/create_restaurant_dish.dto.ts","statementMap":{"0":{"start":{"line":1,"column":0},"end":{"line":1,"column":46}},"1":{"start":{"line":3,"column":0},"end":{"line":3,"column":13}},"2":{"start":{"line":8,"column":2},"end":{"line":8,"column":null}},"3":{"start":{"line":14,"column":2},"end":{"line":14,"column":null}}},"fnMap":{},"branchMap":{},"s":{"0":2,"1":2,"2":2,"3":2},"f":{},"b":{}}
,"/Users/timoptimothy/Developer/github_repo/openrice_timothy_backend/src/restaurantDish/specs/expectedRestaurantDishes.ts": {"path":"/Users/timoptimothy/Developer/github_repo/openrice_timothy_backend/src/restaurantDish/specs/expectedRestaurantDishes.ts","statementMap":{"0":{"start":{"line":1,"column":13},"end":{"line":9,"column":2}}},"fnMap":{},"branchMap":{},"s":{"0":1},"f":{},"b":{}}
,"/Users/timoptimothy/Developer/github_repo/openrice_timothy_backend/src/restaurantOwner/restaurantOwner.controller.ts": {"path":"/Users/timoptimothy/Developer/github_repo/openrice_timothy_backend/src/restaurantOwner/restaurantOwner.controller.ts","statementMap":{"0":{"start":{"line":1,"column":0},"end":{"line":1,"column":null}},"1":{"start":{"line":10,"column":0},"end":{"line":10,"column":77}},"2":{"start":{"line":11,"column":0},"end":{"line":11,"column":77}},"3":{"start":{"line":12,"column":0},"end":{"line":12,"column":67}},"4":{"start":{"line":13,"column":0},"end":{"line":13,"column":52}},"5":{"start":{"line":18,"column":7},"end":{"line":92,"column":null}},"6":{"start":{"line":20,"column":21},"end":{"line":20,"column":45}},"7":{"start":{"line":25,"column":4},"end":{"line":25,"column":67}},"8":{"start":{"line":33,"column":4},"end":{"line":37,"column":9}},"9":{"start":{"line":44,"column":4},"end":{"line":48,"column":9}},"10":{"start":{"line":58,"column":6},"end":{"line":59,"column":null}},"11":{"start":{"line":61,"column":4},"end":{"line":70,"column":null}},"12":{"start":{"line":62,"column":6},"end":{"line":67,"column":11}},"13":{"start":{"line":69,"column":6},"end":{"line":69,"column":66}},"14":{"start":{"line":79,"column":6},"end":{"line":80,"column":null}},"15":{"start":{"line":82,"column":4},"end":{"line":90,"column":null}},"16":{"start":{"line":83,"column":6},"end":{"line":87,"column":11}},"17":{"start":{"line":89,"column":6},"end":{"line":89,"column":66}},"18":{"start":{"line":18,"column":13},"end":{"line":18,"column":38}},"19":{"start":{"line":24,"column":8},"end":{"line":26,"column":null}},"20":{"start":{"line":30,"column":8},"end":{"line":38,"column":null}},"21":{"start":{"line":41,"column":8},"end":{"line":49,"column":null}},"22":{"start":{"line":53,"column":8},"end":{"line":71,"column":null}},"23":{"start":{"line":75,"column":8},"end":{"line":91,"column":null}},"24":{"start":{"line":18,"column":13},"end":{"line":92,"column":null}}},"fnMap":{"0":{"name":"(anonymous_4)","decl":{"start":{"line":19,"column":2},"end":{"line":19,"column":null}},"loc":{"start":{"line":20,"column":67},"end":{"line":21,"column":6}}},"1":{"name":"(anonymous_5)","decl":{"start":{"line":24,"column":2},"end":{"line":24,"column":7}},"loc":{"start":{"line":24,"column":27},"end":{"line":26,"column":3}}},"2":{"name":"(anonymous_6)","decl":{"start":{"line":30,"column":2},"end":{"line":30,"column":7}},"loc":{"start":{"line":31,"column":52},"end":{"line":38,"column":3}}},"3":{"name":"(anonymous_7)","decl":{"start":{"line":41,"column":2},"end":{"line":41,"column":7}},"loc":{"start":{"line":42,"column":62},"end":{"line":49,"column":3}}},"4":{"name":"(anonymous_8)","decl":{"start":{"line":53,"column":2},"end":{"line":53,"column":7}},"loc":{"start":{"line":55,"column":62},"end":{"line":71,"column":3}}},"5":{"name":"(anonymous_9)","decl":{"start":{"line":75,"column":2},"end":{"line":75,"column":7}},"loc":{"start":{"line":76,"column":52},"end":{"line":91,"column":3}}}},"branchMap":{"0":{"loc":{"start":{"line":61,"column":4},"end":{"line":70,"column":null}},"type":"if","locations":[{"start":{"line":61,"column":4},"end":{"line":70,"column":null}},{"start":{"line":68,"column":11},"end":{"line":70,"column":null}}]},"1":{"loc":{"start":{"line":82,"column":4},"end":{"line":90,"column":null}},"type":"if","locations":[{"start":{"line":82,"column":4},"end":{"line":90,"column":null}},{"start":{"line":88,"column":11},"end":{"line":90,"column":null}}]}},"s":{"0":2,"1":2,"2":2,"3":2,"4":2,"5":2,"6":2,"7":1,"8":1,"9":1,"10":2,"11":2,"12":1,"13":1,"14":2,"15":2,"16":1,"17":1,"18":2,"19":2,"20":2,"21":2,"22":2,"23":2,"24":2},"f":{"0":2,"1":1,"2":1,"3":1,"4":2,"5":2},"b":{"0":[1,1],"1":[1,1]}}
,"/Users/timoptimothy/Developer/github_repo/openrice_timothy_backend/src/restaurantOwner/restaurantOwner.module.ts": {"path":"/Users/timoptimothy/Developer/github_repo/openrice_timothy_backend/src/restaurantOwner/restaurantOwner.module.ts","statementMap":{"0":{"start":{"line":1,"column":0},"end":{"line":1,"column":40}},"1":{"start":{"line":2,"column":0},"end":{"line":2,"column":59}},"2":{"start":{"line":3,"column":0},"end":{"line":3,"column":73}},"3":{"start":{"line":4,"column":0},"end":{"line":4,"column":67}},"4":{"start":{"line":11,"column":7},"end":{"line":11,"column":null}},"5":{"start":{"line":11,"column":13},"end":{"line":11,"column":34}},"6":{"start":{"line":11,"column":13},"end":{"line":11,"column":null}}},"fnMap":{},"branchMap":{},"s":{"0":1,"1":1,"2":1,"3":1,"4":1,"5":1,"6":1},"f":{},"b":{}}
,"/Users/timoptimothy/Developer/github_repo/openrice_timothy_backend/src/restaurantOwner/restaurantOwner.service.ts": {"path":"/Users/timoptimothy/Developer/github_repo/openrice_timothy_backend/src/restaurantOwner/restaurantOwner.service.ts","statementMap":{"0":{"start":{"line":1,"column":0},"end":{"line":1,"column":52}},"1":{"start":{"line":2,"column":0},"end":{"line":2,"column":28}},"2":{"start":{"line":7,"column":7},"end":{"line":48,"column":null}},"3":{"start":{"line":8,"column":57},"end":{"line":8,"column":67}},"4":{"start":{"line":11,"column":4},"end":{"line":11,"column":64}},"5":{"start":{"line":15,"column":4},"end":{"line":18,"column":40}},"6":{"start":{"line":22,"column":4},"end":{"line":29,"column":22}},"7":{"start":{"line":36,"column":4},"end":{"line":39,"column":22}},"8":{"start":{"line":43,"column":4},"end":{"line":46,"column":22}},"9":{"start":{"line":7,"column":13},"end":{"line":7,"column":35}},"10":{"start":{"line":7,"column":13},"end":{"line":48,"column":null}}},"fnMap":{"0":{"name":"(anonymous_4)","decl":{"start":{"line":8,"column":2},"end":{"line":8,"column":15}},"loc":{"start":{"line":8,"column":67},"end":{"line":8,"column":71}}},"1":{"name":"(anonymous_5)","decl":{"start":{"line":10,"column":2},"end":{"line":10,"column":7}},"loc":{"start":{"line":10,"column":27},"end":{"line":12,"column":3}}},"2":{"name":"(anonymous_6)","decl":{"start":{"line":14,"column":2},"end":{"line":14,"column":7}},"loc":{"start":{"line":14,"column":41},"end":{"line":19,"column":3}}},"3":{"name":"(anonymous_7)","decl":{"start":{"line":21,"column":2},"end":{"line":21,"column":7}},"loc":{"start":{"line":21,"column":71},"end":{"line":30,"column":3}}},"4":{"name":"(anonymous_8)","decl":{"start":{"line":32,"column":2},"end":{"line":32,"column":7}},"loc":{"start":{"line":34,"column":45},"end":{"line":40,"column":3}}},"5":{"name":"(anonymous_9)","decl":{"start":{"line":42,"column":2},"end":{"line":42,"column":7}},"loc":{"start":{"line":42,"column":40},"end":{"line":47,"column":3}}}},"branchMap":{},"s":{"0":3,"1":3,"2":3,"3":1,"4":1,"5":1,"6":1,"7":1,"8":1,"9":3,"10":3},"f":{"0":1,"1":1,"2":1,"3":1,"4":1,"5":1},"b":{}}
,"/Users/timoptimothy/Developer/github_repo/openrice_timothy_backend/src/restaurantOwner/dto/create_restaurant_owner.dto.ts": {"path":"/Users/timoptimothy/Developer/github_repo/openrice_timothy_backend/src/restaurantOwner/dto/create_restaurant_owner.dto.ts","statementMap":{"0":{"start":{"line":1,"column":0},"end":{"line":1,"column":46}},"1":{"start":{"line":3,"column":0},"end":{"line":3,"column":13}},"2":{"start":{"line":8,"column":2},"end":{"line":8,"column":null}},"3":{"start":{"line":14,"column":2},"end":{"line":14,"column":null}}},"fnMap":{},"branchMap":{},"s":{"0":2,"1":2,"2":2,"3":2},"f":{},"b":{}}
,"/Users/timoptimothy/Developer/github_repo/openrice_timothy_backend/src/restaurantOwner/dto/update_restaurant_owner.dto.ts": {"path":"/Users/timoptimothy/Developer/github_repo/openrice_timothy_backend/src/restaurantOwner/dto/update_restaurant_owner.dto.ts","statementMap":{"0":{"start":{"line":1,"column":0},"end":{"line":1,"column":13}}},"fnMap":{},"branchMap":{},"s":{"0":2},"f":{},"b":{}}
,"/Users/timoptimothy/Developer/github_repo/openrice_timothy_backend/src/restaurantOwner/specs/expectedRestaurantOwners.ts": {"path":"/Users/timoptimothy/Developer/github_repo/openrice_timothy_backend/src/restaurantOwner/specs/expectedRestaurantOwners.ts","statementMap":{"0":{"start":{"line":1,"column":13},"end":{"line":9,"column":2}}},"fnMap":{},"branchMap":{},"s":{"0":1},"f":{},"b":{}}
,"/Users/timoptimothy/Developer/github_repo/openrice_timothy_backend/src/restaurantPayment/restaurantPayment.controller.ts": {"path":"/Users/timoptimothy/Developer/github_repo/openrice_timothy_backend/src/restaurantPayment/restaurantPayment.controller.ts","statementMap":{"0":{"start":{"line":1,"column":0},"end":{"line":1,"column":76}},"1":{"start":{"line":2,"column":0},"end":{"line":2,"column":71}},"2":{"start":{"line":3,"column":0},"end":{"line":3,"column":81}},"3":{"start":{"line":4,"column":0},"end":{"line":4,"column":52}},"4":{"start":{"line":9,"column":7},"end":{"line":61,"column":null}},"5":{"start":{"line":11,"column":21},"end":{"line":11,"column":47}},"6":{"start":{"line":16,"column":4},"end":{"line":16,"column":71}},"7":{"start":{"line":24,"column":4},"end":{"line":28,"column":9}},"8":{"start":{"line":35,"column":4},"end":{"line":39,"column":9}},"9":{"start":{"line":48,"column":6},"end":{"line":49,"column":null}},"10":{"start":{"line":51,"column":4},"end":{"line":59,"column":null}},"11":{"start":{"line":52,"column":6},"end":{"line":56,"column":11}},"12":{"start":{"line":58,"column":6},"end":{"line":58,"column":75}},"13":{"start":{"line":9,"column":13},"end":{"line":9,"column":40}},"14":{"start":{"line":15,"column":8},"end":{"line":17,"column":null}},"15":{"start":{"line":21,"column":8},"end":{"line":29,"column":null}},"16":{"start":{"line":32,"column":8},"end":{"line":40,"column":null}},"17":{"start":{"line":44,"column":8},"end":{"line":60,"column":null}},"18":{"start":{"line":9,"column":13},"end":{"line":61,"column":null}}},"fnMap":{"0":{"name":"(anonymous_4)","decl":{"start":{"line":10,"column":2},"end":{"line":10,"column":null}},"loc":{"start":{"line":11,"column":71},"end":{"line":12,"column":6}}},"1":{"name":"(anonymous_5)","decl":{"start":{"line":15,"column":2},"end":{"line":15,"column":7}},"loc":{"start":{"line":15,"column":29},"end":{"line":17,"column":3}}},"2":{"name":"(anonymous_6)","decl":{"start":{"line":21,"column":2},"end":{"line":21,"column":7}},"loc":{"start":{"line":22,"column":54},"end":{"line":29,"column":3}}},"3":{"name":"(anonymous_7)","decl":{"start":{"line":32,"column":2},"end":{"line":32,"column":7}},"loc":{"start":{"line":33,"column":66},"end":{"line":40,"column":3}}},"4":{"name":"(anonymous_8)","decl":{"start":{"line":44,"column":2},"end":{"line":44,"column":7}},"loc":{"start":{"line":45,"column":54},"end":{"line":60,"column":3}}}},"branchMap":{"0":{"loc":{"start":{"line":51,"column":4},"end":{"line":59,"column":null}},"type":"if","locations":[{"start":{"line":51,"column":4},"end":{"line":59,"column":null}},{"start":{"line":57,"column":11},"end":{"line":59,"column":null}}]}},"s":{"0":2,"1":2,"2":2,"3":2,"4":2,"5":2,"6":1,"7":1,"8":1,"9":2,"10":2,"11":1,"12":1,"13":2,"14":2,"15":2,"16":2,"17":2,"18":2},"f":{"0":2,"1":1,"2":1,"3":1,"4":2},"b":{"0":[1,1]}}
,"/Users/timoptimothy/Developer/github_repo/openrice_timothy_backend/src/restaurantPayment/restaurantPayment.module.ts": {"path":"/Users/timoptimothy/Developer/github_repo/openrice_timothy_backend/src/restaurantPayment/restaurantPayment.module.ts","statementMap":{"0":{"start":{"line":1,"column":0},"end":{"line":1,"column":40}},"1":{"start":{"line":2,"column":0},"end":{"line":2,"column":59}},"2":{"start":{"line":3,"column":0},"end":{"line":3,"column":77}},"3":{"start":{"line":4,"column":0},"end":{"line":4,"column":71}},"4":{"start":{"line":11,"column":7},"end":{"line":11,"column":null}},"5":{"start":{"line":11,"column":13},"end":{"line":11,"column":36}},"6":{"start":{"line":11,"column":13},"end":{"line":11,"column":null}}},"fnMap":{},"branchMap":{},"s":{"0":1,"1":1,"2":1,"3":1,"4":1,"5":1,"6":1},"f":{},"b":{}}
,"/Users/timoptimothy/Developer/github_repo/openrice_timothy_backend/src/restaurantPayment/restaurantPayment.service.ts": {"path":"/Users/timoptimothy/Developer/github_repo/openrice_timothy_backend/src/restaurantPayment/restaurantPayment.service.ts","statementMap":{"0":{"start":{"line":1,"column":0},"end":{"line":1,"column":52}},"1":{"start":{"line":2,"column":0},"end":{"line":2,"column":28}},"2":{"start":{"line":6,"column":7},"end":{"line":37,"column":null}},"3":{"start":{"line":7,"column":57},"end":{"line":7,"column":67}},"4":{"start":{"line":10,"column":4},"end":{"line":10,"column":66}},"5":{"start":{"line":14,"column":4},"end":{"line":17,"column":42}},"6":{"start":{"line":21,"column":4},"end":{"line":28,"column":22}},"7":{"start":{"line":32,"column":4},"end":{"line":35,"column":22}},"8":{"start":{"line":6,"column":13},"end":{"line":6,"column":37}},"9":{"start":{"line":6,"column":13},"end":{"line":37,"column":null}}},"fnMap":{"0":{"name":"(anonymous_4)","decl":{"start":{"line":7,"column":2},"end":{"line":7,"column":15}},"loc":{"start":{"line":7,"column":67},"end":{"line":7,"column":71}}},"1":{"name":"(anonymous_5)","decl":{"start":{"line":9,"column":2},"end":{"line":9,"column":7}},"loc":{"start":{"line":9,"column":29},"end":{"line":11,"column":3}}},"2":{"name":"(anonymous_6)","decl":{"start":{"line":13,"column":2},"end":{"line":13,"column":7}},"loc":{"start":{"line":13,"column":43},"end":{"line":18,"column":3}}},"3":{"name":"(anonymous_7)","decl":{"start":{"line":20,"column":2},"end":{"line":20,"column":7}},"loc":{"start":{"line":20,"column":77},"end":{"line":29,"column":3}}},"4":{"name":"(anonymous_8)","decl":{"start":{"line":31,"column":2},"end":{"line":31,"column":7}},"loc":{"start":{"line":31,"column":42},"end":{"line":36,"column":3}}}},"branchMap":{},"s":{"0":3,"1":3,"2":3,"3":1,"4":1,"5":1,"6":1,"7":1,"8":3,"9":3},"f":{"0":1,"1":1,"2":1,"3":1,"4":1},"b":{}}
,"/Users/timoptimothy/Developer/github_repo/openrice_timothy_backend/src/restaurantPayment/dto/create_restaurant_payment.dto.ts": {"path":"/Users/timoptimothy/Developer/github_repo/openrice_timothy_backend/src/restaurantPayment/dto/create_restaurant_payment.dto.ts","statementMap":{"0":{"start":{"line":1,"column":0},"end":{"line":1,"column":46}},"1":{"start":{"line":3,"column":0},"end":{"line":3,"column":13}},"2":{"start":{"line":8,"column":2},"end":{"line":8,"column":null}},"3":{"start":{"line":15,"column":2},"end":{"line":15,"column":null}}},"fnMap":{},"branchMap":{},"s":{"0":2,"1":2,"2":2,"3":2},"f":{},"b":{}}
,"/Users/timoptimothy/Developer/github_repo/openrice_timothy_backend/src/restaurantPayment/specs/expectedRestaurantPayments.ts": {"path":"/Users/timoptimothy/Developer/github_repo/openrice_timothy_backend/src/restaurantPayment/specs/expectedRestaurantPayments.ts","statementMap":{"0":{"start":{"line":1,"column":13},"end":{"line":9,"column":2}}},"fnMap":{},"branchMap":{},"s":{"0":1},"f":{},"b":{}}
,"/Users/timoptimothy/Developer/github_repo/openrice_timothy_backend/src/review/review.controller.ts": {"path":"/Users/timoptimothy/Developer/github_repo/openrice_timothy_backend/src/review/review.controller.ts","statementMap":{"0":{"start":{"line":1,"column":0},"end":{"line":1,"column":null}},"1":{"start":{"line":10,"column":0},"end":{"line":10,"column":58}},"2":{"start":{"line":11,"column":0},"end":{"line":11,"column":58}},"3":{"start":{"line":12,"column":0},"end":{"line":12,"column":49}},"4":{"start":{"line":14,"column":0},"end":{"line":14,"column":52}},"5":{"start":{"line":18,"column":7},"end":{"line":91,"column":null}},"6":{"start":{"line":19,"column":31},"end":{"line":19,"column":46}},"7":{"start":{"line":23,"column":20},"end":{"line":23,"column":57}},"8":{"start":{"line":24,"column":4},"end":{"line":33,"column":6}},"9":{"start":{"line":25,"column":37},"end":{"line":32,"column":8}},"10":{"start":{"line":41,"column":19},"end":{"line":43,"column":8}},"11":{"start":{"line":44,"column":4},"end":{"line":51,"column":6}},"12":{"start":{"line":56,"column":4},"end":{"line":56,"column":71}},"13":{"start":{"line":65,"column":24},"end":{"line":66,"column":null}},"14":{"start":{"line":68,"column":4},"end":{"line":74,"column":null}},"15":{"start":{"line":69,"column":6},"end":{"line":71,"column":11}},"16":{"start":{"line":73,"column":6},"end":{"line":73,"column":56}},"17":{"start":{"line":82,"column":24},"end":{"line":83,"column":null}},"18":{"start":{"line":85,"column":4},"end":{"line":89,"column":null}},"19":{"start":{"line":86,"column":6},"end":{"line":86,"column":74}},"20":{"start":{"line":88,"column":6},"end":{"line":88,"column":56}},"21":{"start":{"line":18,"column":13},"end":{"line":18,"column":29}},"22":{"start":{"line":22,"column":8},"end":{"line":34,"column":null}},"23":{"start":{"line":38,"column":8},"end":{"line":52,"column":null}},"24":{"start":{"line":55,"column":8},"end":{"line":57,"column":null}},"25":{"start":{"line":61,"column":8},"end":{"line":75,"column":null}},"26":{"start":{"line":79,"column":8},"end":{"line":90,"column":null}},"27":{"start":{"line":18,"column":13},"end":{"line":91,"column":null}}},"fnMap":{"0":{"name":"(anonymous_4)","decl":{"start":{"line":19,"column":2},"end":{"line":19,"column":31}},"loc":{"start":{"line":19,"column":59},"end":{"line":19,"column":63}}},"1":{"name":"(anonymous_5)","decl":{"start":{"line":22,"column":2},"end":{"line":22,"column":7}},"loc":{"start":{"line":22,"column":18},"end":{"line":34,"column":3}}},"2":{"name":"(anonymous_6)","decl":{"start":{"line":25,"column":18},"end":{"line":25,"column":23}},"loc":{"start":{"line":25,"column":37},"end":{"line":32,"column":8}}},"3":{"name":"(anonymous_7)","decl":{"start":{"line":38,"column":2},"end":{"line":38,"column":7}},"loc":{"start":{"line":39,"column":42},"end":{"line":52,"column":3}}},"4":{"name":"(anonymous_8)","decl":{"start":{"line":55,"column":2},"end":{"line":55,"column":7}},"loc":{"start":{"line":55,"column":61},"end":{"line":57,"column":3}}},"5":{"name":"(anonymous_9)","decl":{"start":{"line":61,"column":2},"end":{"line":61,"column":7}},"loc":{"start":{"line":63,"column":44},"end":{"line":75,"column":3}}},"6":{"name":"(anonymous_10)","decl":{"start":{"line":79,"column":2},"end":{"line":79,"column":7}},"loc":{"start":{"line":80,"column":42},"end":{"line":90,"column":3}}}},"branchMap":{"0":{"loc":{"start":{"line":68,"column":4},"end":{"line":74,"column":null}},"type":"if","locations":[{"start":{"line":68,"column":4},"end":{"line":74,"column":null}},{"start":{"line":72,"column":11},"end":{"line":74,"column":null}}]},"1":{"loc":{"start":{"line":85,"column":4},"end":{"line":89,"column":null}},"type":"if","locations":[{"start":{"line":85,"column":4},"end":{"line":89,"column":null}},{"start":{"line":87,"column":11},"end":{"line":89,"column":null}}]}},"s":{"0":2,"1":2,"2":2,"3":2,"4":2,"5":2,"6":2,"7":1,"8":1,"9":1,"10":1,"11":1,"12":1,"13":2,"14":2,"15":1,"16":1,"17":2,"18":2,"19":1,"20":1,"21":2,"22":2,"23":2,"24":2,"25":2,"26":2,"27":2},"f":{"0":2,"1":1,"2":1,"3":1,"4":1,"5":2,"6":2},"b":{"0":[1,1],"1":[1,1]}}
,"/Users/timoptimothy/Developer/github_repo/openrice_timothy_backend/src/review/review.module.ts": {"path":"/Users/timoptimothy/Developer/github_repo/openrice_timothy_backend/src/review/review.module.ts","statementMap":{"0":{"start":{"line":1,"column":0},"end":{"line":1,"column":40}},"1":{"start":{"line":2,"column":0},"end":{"line":2,"column":59}},"2":{"start":{"line":3,"column":0},"end":{"line":3,"column":55}},"3":{"start":{"line":4,"column":0},"end":{"line":4,"column":49}},"4":{"start":{"line":11,"column":7},"end":{"line":11,"column":null}},"5":{"start":{"line":11,"column":13},"end":{"line":11,"column":25}},"6":{"start":{"line":11,"column":13},"end":{"line":11,"column":null}}},"fnMap":{},"branchMap":{},"s":{"0":1,"1":1,"2":1,"3":1,"4":1,"5":1,"6":1},"f":{},"b":{}}
,"/Users/timoptimothy/Developer/github_repo/openrice_timothy_backend/src/review/review.service.ts": {"path":"/Users/timoptimothy/Developer/github_repo/openrice_timothy_backend/src/review/review.service.ts","statementMap":{"0":{"start":{"line":1,"column":0},"end":{"line":1,"column":52}},"1":{"start":{"line":2,"column":0},"end":{"line":2,"column":28}},"2":{"start":{"line":7,"column":7},"end":{"line":57,"column":null}},"3":{"start":{"line":8,"column":57},"end":{"line":8,"column":67}},"4":{"start":{"line":11,"column":4},"end":{"line":11,"column":54}},"5":{"start":{"line":15,"column":4},"end":{"line":15,"column":77}},"6":{"start":{"line":19,"column":4},"end":{"line":27,"column":22}},"7":{"start":{"line":31,"column":4},"end":{"line":34,"column":22}},"8":{"start":{"line":38,"column":4},"end":{"line":41,"column":22}},"9":{"start":{"line":45,"column":4},"end":{"line":48,"column":32}},"10":{"start":{"line":52,"column":4},"end":{"line":55,"column":44}},"11":{"start":{"line":7,"column":13},"end":{"line":7,"column":26}},"12":{"start":{"line":7,"column":13},"end":{"line":57,"column":null}}},"fnMap":{"0":{"name":"(anonymous_4)","decl":{"start":{"line":8,"column":2},"end":{"line":8,"column":15}},"loc":{"start":{"line":8,"column":67},"end":{"line":8,"column":71}}},"1":{"name":"(anonymous_5)","decl":{"start":{"line":10,"column":2},"end":{"line":10,"column":7}},"loc":{"start":{"line":10,"column":18},"end":{"line":12,"column":3}}},"2":{"name":"(anonymous_6)","decl":{"start":{"line":14,"column":2},"end":{"line":14,"column":7}},"loc":{"start":{"line":14,"column":32},"end":{"line":16,"column":3}}},"3":{"name":"(anonymous_7)","decl":{"start":{"line":18,"column":2},"end":{"line":18,"column":7}},"loc":{"start":{"line":18,"column":44},"end":{"line":28,"column":3}}},"4":{"name":"(anonymous_8)","decl":{"start":{"line":30,"column":2},"end":{"line":30,"column":7}},"loc":{"start":{"line":30,"column":56},"end":{"line":35,"column":3}}},"5":{"name":"(anonymous_9)","decl":{"start":{"line":37,"column":2},"end":{"line":37,"column":7}},"loc":{"start":{"line":37,"column":31},"end":{"line":42,"column":3}}},"6":{"name":"(anonymous_10)","decl":{"start":{"line":44,"column":2},"end":{"line":44,"column":7}},"loc":{"start":{"line":44,"column":38},"end":{"line":49,"column":3}}},"7":{"name":"(anonymous_11)","decl":{"start":{"line":51,"column":2},"end":{"line":51,"column":7}},"loc":{"start":{"line":51,"column":52},"end":{"line":56,"column":3}}}},"branchMap":{},"s":{"0":3,"1":3,"2":3,"3":1,"4":1,"5":1,"6":1,"7":1,"8":1,"9":1,"10":1,"11":3,"12":3},"f":{"0":1,"1":1,"2":1,"3":1,"4":1,"5":1,"6":1,"7":1},"b":{}}
,"/Users/timoptimothy/Developer/github_repo/openrice_timothy_backend/src/review/dto/create_review.dto.ts": {"path":"/Users/timoptimothy/Developer/github_repo/openrice_timothy_backend/src/review/dto/create_review.dto.ts","statementMap":{"0":{"start":{"line":1,"column":0},"end":{"line":1,"column":46}},"1":{"start":{"line":3,"column":0},"end":{"line":3,"column":13}},"2":{"start":{"line":8,"column":2},"end":{"line":8,"column":null}},"3":{"start":{"line":14,"column":2},"end":{"line":14,"column":null}},"4":{"start":{"line":20,"column":2},"end":{"line":20,"column":null}},"5":{"start":{"line":26,"column":2},"end":{"line":26,"column":null}},"6":{"start":{"line":34,"column":2},"end":{"line":34,"column":null}},"7":{"start":{"line":40,"column":2},"end":{"line":40,"column":null}},"8":{"start":{"line":46,"column":2},"end":{"line":46,"column":null}}},"fnMap":{},"branchMap":{},"s":{"0":2,"1":2,"2":2,"3":2,"4":2,"5":2,"6":2,"7":2,"8":2},"f":{},"b":{}}
,"/Users/timoptimothy/Developer/github_repo/openrice_timothy_backend/src/review/dto/update_review.dto.ts": {"path":"/Users/timoptimothy/Developer/github_repo/openrice_timothy_backend/src/review/dto/update_review.dto.ts","statementMap":{"0":{"start":{"line":1,"column":0},"end":{"line":1,"column":13}}},"fnMap":{},"branchMap":{},"s":{"0":2},"f":{},"b":{}}
,"/Users/timoptimothy/Developer/github_repo/openrice_timothy_backend/src/review/specs/expectedReviews.ts": {"path":"/Users/timoptimothy/Developer/github_repo/openrice_timothy_backend/src/review/specs/expectedReviews.ts","statementMap":{"0":{"start":{"line":1,"column":13},"end":{"line":17,"column":2}}},"fnMap":{},"branchMap":{},"s":{"0":4},"f":{},"b":{}}
,"/Users/timoptimothy/Developer/github_repo/openrice_timothy_backend/src/subscribe/subscribe.controller.ts": {"path":"/Users/timoptimothy/Developer/github_repo/openrice_timothy_backend/src/subscribe/subscribe.controller.ts","statementMap":{"0":{"start":{"line":1,"column":0},"end":{"line":1,"column":76}},"1":{"start":{"line":2,"column":0},"end":{"line":2,"column":55}},"2":{"start":{"line":3,"column":0},"end":{"line":3,"column":64}},"3":{"start":{"line":5,"column":0},"end":{"line":5,"column":52}},"4":{"start":{"line":9,"column":7},"end":{"line":50,"column":null}},"5":{"start":{"line":10,"column":31},"end":{"line":10,"column":49}},"6":{"start":{"line":14,"column":4},"end":{"line":14,"column":55}},"7":{"start":{"line":22,"column":4},"end":{"line":24,"column":9}},"8":{"start":{"line":31,"column":4},"end":{"line":31,"column":80}},"9":{"start":{"line":39,"column":27},"end":{"line":40,"column":null}},"10":{"start":{"line":42,"column":4},"end":{"line":48,"column":null}},"11":{"start":{"line":43,"column":6},"end":{"line":45,"column":11}},"12":{"start":{"line":47,"column":6},"end":{"line":47,"column":73}},"13":{"start":{"line":9,"column":13},"end":{"line":9,"column":32}},"14":{"start":{"line":13,"column":8},"end":{"line":15,"column":null}},"15":{"start":{"line":19,"column":8},"end":{"line":25,"column":null}},"16":{"start":{"line":28,"column":8},"end":{"line":32,"column":null}},"17":{"start":{"line":36,"column":8},"end":{"line":49,"column":null}},"18":{"start":{"line":9,"column":13},"end":{"line":50,"column":null}}},"fnMap":{"0":{"name":"(anonymous_4)","decl":{"start":{"line":10,"column":2},"end":{"line":10,"column":31}},"loc":{"start":{"line":10,"column":65},"end":{"line":10,"column":69}}},"1":{"name":"(anonymous_5)","decl":{"start":{"line":13,"column":2},"end":{"line":13,"column":7}},"loc":{"start":{"line":13,"column":21},"end":{"line":15,"column":3}}},"2":{"name":"(anonymous_6)","decl":{"start":{"line":19,"column":2},"end":{"line":19,"column":7}},"loc":{"start":{"line":20,"column":45},"end":{"line":25,"column":3}}},"3":{"name":"(anonymous_7)","decl":{"start":{"line":28,"column":2},"end":{"line":28,"column":7}},"loc":{"start":{"line":29,"column":50},"end":{"line":32,"column":3}}},"4":{"name":"(anonymous_8)","decl":{"start":{"line":36,"column":2},"end":{"line":36,"column":7}},"loc":{"start":{"line":37,"column":45},"end":{"line":49,"column":3}}}},"branchMap":{"0":{"loc":{"start":{"line":42,"column":4},"end":{"line":48,"column":null}},"type":"if","locations":[{"start":{"line":42,"column":4},"end":{"line":48,"column":null}},{"start":{"line":46,"column":11},"end":{"line":48,"column":null}}]}},"s":{"0":2,"1":2,"2":2,"3":2,"4":2,"5":2,"6":1,"7":1,"8":1,"9":2,"10":2,"11":1,"12":1,"13":2,"14":2,"15":2,"16":2,"17":2,"18":2},"f":{"0":2,"1":1,"2":1,"3":1,"4":2},"b":{"0":[1,1]}}
,"/Users/timoptimothy/Developer/github_repo/openrice_timothy_backend/src/subscribe/subscribe.module.ts": {"path":"/Users/timoptimothy/Developer/github_repo/openrice_timothy_backend/src/subscribe/subscribe.module.ts","statementMap":{"0":{"start":{"line":1,"column":0},"end":{"line":1,"column":40}},"1":{"start":{"line":2,"column":0},"end":{"line":2,"column":59}},"2":{"start":{"line":3,"column":0},"end":{"line":3,"column":61}},"3":{"start":{"line":4,"column":0},"end":{"line":4,"column":55}},"4":{"start":{"line":11,"column":7},"end":{"line":11,"column":null}},"5":{"start":{"line":11,"column":13},"end":{"line":11,"column":28}},"6":{"start":{"line":11,"column":13},"end":{"line":11,"column":null}}},"fnMap":{},"branchMap":{},"s":{"0":1,"1":1,"2":1,"3":1,"4":1,"5":1,"6":1},"f":{},"b":{}}
,"/Users/timoptimothy/Developer/github_repo/openrice_timothy_backend/src/subscribe/subscribe.service.ts": {"path":"/Users/timoptimothy/Developer/github_repo/openrice_timothy_backend/src/subscribe/subscribe.service.ts","statementMap":{"0":{"start":{"line":1,"column":0},"end":{"line":1,"column":52}},"1":{"start":{"line":2,"column":0},"end":{"line":2,"column":28}},"2":{"start":{"line":6,"column":7},"end":{"line":37,"column":null}},"3":{"start":{"line":7,"column":57},"end":{"line":7,"column":67}},"4":{"start":{"line":10,"column":4},"end":{"line":10,"column":57}},"5":{"start":{"line":14,"column":4},"end":{"line":17,"column":33}},"6":{"start":{"line":21,"column":4},"end":{"line":28,"column":22}},"7":{"start":{"line":32,"column":4},"end":{"line":35,"column":22}},"8":{"start":{"line":6,"column":13},"end":{"line":6,"column":29}},"9":{"start":{"line":6,"column":13},"end":{"line":37,"column":null}}},"fnMap":{"0":{"name":"(anonymous_4)","decl":{"start":{"line":7,"column":2},"end":{"line":7,"column":15}},"loc":{"start":{"line":7,"column":67},"end":{"line":7,"column":71}}},"1":{"name":"(anonymous_5)","decl":{"start":{"line":9,"column":2},"end":{"line":9,"column":7}},"loc":{"start":{"line":9,"column":21},"end":{"line":11,"column":3}}},"2":{"name":"(anonymous_6)","decl":{"start":{"line":13,"column":2},"end":{"line":13,"column":7}},"loc":{"start":{"line":13,"column":35},"end":{"line":18,"column":3}}},"3":{"name":"(anonymous_7)","decl":{"start":{"line":20,"column":2},"end":{"line":20,"column":7}},"loc":{"start":{"line":20,"column":53},"end":{"line":29,"column":3}}},"4":{"name":"(anonymous_8)","decl":{"start":{"line":31,"column":2},"end":{"line":31,"column":7}},"loc":{"start":{"line":31,"column":34},"end":{"line":36,"column":3}}}},"branchMap":{},"s":{"0":3,"1":3,"2":3,"3":1,"4":1,"5":1,"6":1,"7":1,"8":3,"9":3},"f":{"0":1,"1":1,"2":1,"3":1,"4":1},"b":{}}
,"/Users/timoptimothy/Developer/github_repo/openrice_timothy_backend/src/subscribe/dto/create_subscribe.dto.ts": {"path":"/Users/timoptimothy/Developer/github_repo/openrice_timothy_backend/src/subscribe/dto/create_subscribe.dto.ts","statementMap":{"0":{"start":{"line":1,"column":0},"end":{"line":1,"column":46}},"1":{"start":{"line":3,"column":0},"end":{"line":3,"column":13}},"2":{"start":{"line":8,"column":2},"end":{"line":8,"column":null}},"3":{"start":{"line":14,"column":2},"end":{"line":14,"column":null}}},"fnMap":{},"branchMap":{},"s":{"0":2,"1":2,"2":2,"3":2},"f":{},"b":{}}
,"/Users/timoptimothy/Developer/github_repo/openrice_timothy_backend/src/subscribe/specs/expectedSubscribes.ts": {"path":"/Users/timoptimothy/Developer/github_repo/openrice_timothy_backend/src/subscribe/specs/expectedSubscribes.ts","statementMap":{"0":{"start":{"line":1,"column":13},"end":{"line":9,"column":2}}},"fnMap":{},"branchMap":{},"s":{"0":1},"f":{},"b":{}}
,"/Users/timoptimothy/Developer/github_repo/openrice_timothy_backend/src/userRelated/auth/auth.controller.ts": {"path":"/Users/timoptimothy/Developer/github_repo/openrice_timothy_backend/src/userRelated/auth/auth.controller.ts","statementMap":{"0":{"start":{"line":1,"column":0},"end":{"line":1,"column":null}},"1":{"start":{"line":9,"column":0},"end":{"line":9,"column":42}},"2":{"start":{"line":10,"column":0},"end":{"line":10,"column":40}},"3":{"start":{"line":12,"column":0},"end":{"line":12,"column":45}},"4":{"start":{"line":13,"column":0},"end":{"line":13,"column":51}},"5":{"start":{"line":15,"column":0},"end":{"line":15,"column":60}},"6":{"start":{"line":16,"column":0},"end":{"line":16,"column":68}},"7":{"start":{"line":17,"column":0},"end":{"line":17,"column":59}},"8":{"start":{"line":19,"column":0},"end":{"line":19,"column":54}},"9":{"start":{"line":23,"column":7},"end":{"line":83,"column":null}},"10":{"start":{"line":25,"column":21},"end":{"line":25,"column":34}},"11":{"start":{"line":26,"column":21},"end":{"line":26,"column":34}},"12":{"start":{"line":33,"column":26},"end":{"line":33,"column":59}},"13":{"start":{"line":34,"column":4},"end":{"line":36,"column":null}},"14":{"start":{"line":34,"column":29},"end":{"line":34,"column":69}},"15":{"start":{"line":35,"column":6},"end":{"line":35,"column":58}},"16":{"start":{"line":38,"column":4},"end":{"line":40,"column":null}},"17":{"start":{"line":38,"column":29},"end":{"line":38,"column":63}},"18":{"start":{"line":39,"column":6},"end":{"line":39,"column":55}},"19":{"start":{"line":42,"column":20},"end":{"line":47,"column":8}},"20":{"start":{"line":49,"column":18},"end":{"line":49,"column":77}},"21":{"start":{"line":50,"column":4},"end":{"line":50,"column":21}},"22":{"start":{"line":55,"column":26},"end":{"line":55,"column":59}},"23":{"start":{"line":56,"column":4},"end":{"line":60,"column":null}},"24":{"start":{"line":57,"column":32},"end":{"line":57,"column":70}},"25":{"start":{"line":59,"column":6},"end":{"line":59,"column":54}},"26":{"start":{"line":62,"column":23},"end":{"line":62,"column":78}},"27":{"start":{"line":63,"column":18},"end":{"line":63,"column":74}},"28":{"start":{"line":64,"column":4},"end":{"line":75,"column":null}},"29":{"start":{"line":65,"column":20},"end":{"line":65,"column":76}},"30":{"start":{"line":66,"column":24},"end":{"line":71,"column":8}},"31":{"start":{"line":72,"column":6},"end":{"line":72,"column":40}},"32":{"start":{"line":74,"column":6},"end":{"line":74,"column":54}},"33":{"start":{"line":81,"column":4},"end":{"line":81,"column":30}},"34":{"start":{"line":23,"column":13},"end":{"line":23,"column":27}},"35":{"start":{"line":30,"column":8},"end":{"line":51,"column":null}},"36":{"start":{"line":54,"column":8},"end":{"line":76,"column":null}},"37":{"start":{"line":80,"column":2},"end":{"line":82,"column":null}},"38":{"start":{"line":23,"column":13},"end":{"line":83,"column":null}}},"fnMap":{"0":{"name":"(anonymous_4)","decl":{"start":{"line":24,"column":2},"end":{"line":24,"column":null}},"loc":{"start":{"line":26,"column":45},"end":{"line":27,"column":6}}},"1":{"name":"(anonymous_5)","decl":{"start":{"line":30,"column":2},"end":{"line":30,"column":7}},"loc":{"start":{"line":31,"column":40},"end":{"line":51,"column":3}}},"2":{"name":"(anonymous_6)","decl":{"start":{"line":34,"column":19},"end":{"line":34,"column":20}},"loc":{"start":{"line":34,"column":29},"end":{"line":34,"column":69}}},"3":{"name":"(anonymous_7)","decl":{"start":{"line":38,"column":19},"end":{"line":38,"column":20}},"loc":{"start":{"line":38,"column":29},"end":{"line":38,"column":63}}},"4":{"name":"(anonymous_8)","decl":{"start":{"line":54,"column":2},"end":{"line":54,"column":7}},"loc":{"start":{"line":54,"column":48},"end":{"line":76,"column":3}}},"5":{"name":"(anonymous_9)","decl":{"start":{"line":57,"column":22},"end":{"line":57,"column":23}},"loc":{"start":{"line":57,"column":32},"end":{"line":57,"column":70}}},"6":{"name":"(anonymous_10)","decl":{"start":{"line":80,"column":2},"end":{"line":80,"column":16}},"loc":{"start":{"line":80,"column":31},"end":{"line":82,"column":3}}}},"branchMap":{"0":{"loc":{"start":{"line":34,"column":4},"end":{"line":36,"column":null}},"type":"if","locations":[{"start":{"line":34,"column":4},"end":{"line":36,"column":null}}]},"1":{"loc":{"start":{"line":38,"column":4},"end":{"line":40,"column":null}},"type":"if","locations":[{"start":{"line":38,"column":4},"end":{"line":40,"column":null}}]},"2":{"loc":{"start":{"line":56,"column":4},"end":{"line":60,"column":null}},"type":"if","locations":[{"start":{"line":56,"column":4},"end":{"line":60,"column":null}}]},"3":{"loc":{"start":{"line":64,"column":4},"end":{"line":75,"column":null}},"type":"if","locations":[{"start":{"line":64,"column":4},"end":{"line":75,"column":null}},{"start":{"line":73,"column":11},"end":{"line":75,"column":null}}]}},"s":{"0":2,"1":2,"2":2,"3":2,"4":2,"5":2,"6":2,"7":2,"8":2,"9":2,"10":2,"11":2,"12":3,"13":3,"14":3,"15":1,"16":2,"17":2,"18":1,"19":1,"20":1,"21":1,"22":3,"23":3,"24":3,"25":1,"26":2,"27":2,"28":2,"29":1,"30":1,"31":1,"32":1,"33":1,"34":2,"35":2,"36":2,"37":2,"38":2},"f":{"0":2,"1":3,"2":3,"3":2,"4":3,"5":3,"6":1},"b":{"0":[1],"1":[1],"2":[1],"3":[1,1]}}
,"/Users/timoptimothy/Developer/github_repo/openrice_timothy_backend/src/userRelated/auth/auth.module.ts": {"path":"/Users/timoptimothy/Developer/github_repo/openrice_timothy_backend/src/userRelated/auth/auth.module.ts","statementMap":{"0":{"start":{"line":1,"column":0},"end":{"line":1,"column":40}},"1":{"start":{"line":2,"column":0},"end":{"line":2,"column":51}},"2":{"start":{"line":3,"column":0},"end":{"line":3,"column":45}},"3":{"start":{"line":4,"column":0},"end":{"line":4,"column":51}},"4":{"start":{"line":10,"column":7},"end":{"line":10,"column":null}},"5":{"start":{"line":10,"column":13},"end":{"line":10,"column":23}},"6":{"start":{"line":10,"column":13},"end":{"line":10,"column":null}}},"fnMap":{},"branchMap":{},"s":{"0":1,"1":1,"2":1,"3":1,"4":1,"5":1,"6":1},"f":{},"b":{}}
,"/Users/timoptimothy/Developer/github_repo/openrice_timothy_backend/src/userRelated/auth/auth.service.ts": {"path":"/Users/timoptimothy/Developer/github_repo/openrice_timothy_backend/src/userRelated/auth/auth.service.ts","statementMap":{"0":{"start":{"line":1,"column":0},"end":{"line":1,"column":52}},"1":{"start":{"line":2,"column":0},"end":{"line":2,"column":40}},"2":{"start":{"line":3,"column":0},"end":{"line":3,"column":28}},"3":{"start":{"line":6,"column":7},"end":{"line":21,"column":null}},"4":{"start":{"line":7,"column":57},"end":{"line":7,"column":67}},"5":{"start":{"line":10,"column":4},"end":{"line":10,"column":80}},"6":{"start":{"line":14,"column":4},"end":{"line":19,"column":null}},"7":{"start":{"line":15,"column":6},"end":{"line":15,"column":71}},"8":{"start":{"line":17,"column":6},"end":{"line":17,"column":21}},"9":{"start":{"line":18,"column":6},"end":{"line":18,"column":18}},"10":{"start":{"line":6,"column":13},"end":{"line":6,"column":24}},"11":{"start":{"line":6,"column":13},"end":{"line":21,"column":null}}},"fnMap":{"0":{"name":"(anonymous_4)","decl":{"start":{"line":7,"column":2},"end":{"line":7,"column":15}},"loc":{"start":{"line":7,"column":67},"end":{"line":7,"column":71}}},"1":{"name":"(anonymous_5)","decl":{"start":{"line":9,"column":2},"end":{"line":9,"column":7}},"loc":{"start":{"line":9,"column":30},"end":{"line":11,"column":3}}},"2":{"name":"(anonymous_6)","decl":{"start":{"line":13,"column":2},"end":{"line":13,"column":15}},"loc":{"start":{"line":13,"column":29},"end":{"line":20,"column":3}}}},"branchMap":{},"s":{"0":4,"1":4,"2":4,"3":4,"4":1,"5":1,"6":2,"7":2,"8":1,"9":1,"10":4,"11":4},"f":{"0":1,"1":1,"2":2},"b":{}}
,"/Users/timoptimothy/Developer/github_repo/openrice_timothy_backend/src/userRelated/auth/dto/create_auth.dto.ts": {"path":"/Users/timoptimothy/Developer/github_repo/openrice_timothy_backend/src/userRelated/auth/dto/create_auth.dto.ts","statementMap":{"0":{"start":{"line":1,"column":0},"end":{"line":1,"column":13}}},"fnMap":{},"branchMap":{},"s":{"0":2},"f":{},"b":{}}
,"/Users/timoptimothy/Developer/github_repo/openrice_timothy_backend/src/userRelated/auth/specs/expectedUsers.ts": {"path":"/Users/timoptimothy/Developer/github_repo/openrice_timothy_backend/src/userRelated/auth/specs/expectedUsers.ts","statementMap":{"0":{"start":{"line":1,"column":0},"end":{"line":1,"column":64}},"1":{"start":{"line":3,"column":13},"end":{"line":14,"column":2}}},"fnMap":{},"branchMap":{},"s":{"0":2,"1":2},"f":{},"b":{}}
,"/Users/timoptimothy/Developer/github_repo/openrice_timothy_backend/src/userRelated/auth/specs/expectedUsersHashPassword.ts": {"path":"/Users/timoptimothy/Developer/github_repo/openrice_timothy_backend/src/userRelated/auth/specs/expectedUsersHashPassword.ts","statementMap":{"0":{"start":{"line":1,"column":0},"end":{"line":1,"column":56}},"1":{"start":{"line":2,"column":0},"end":{"line":2,"column":64}},"2":{"start":{"line":4,"column":41},"end":{"line":15,"column":2}},"3":{"start":{"line":4,"column":53},"end":{"line":15,"column":2}},"4":{"start":{"line":4,"column":13},"end":{"line":4,"column":41}}},"fnMap":{"0":{"name":"(anonymous_0)","decl":{"start":{"line":4,"column":41},"end":{"line":4,"column":46}},"loc":{"start":{"line":4,"column":53},"end":{"line":15,"column":2}}}},"branchMap":{},"s":{"0":1,"1":1,"2":1,"3":2,"4":1},"f":{"0":2},"b":{}}
,"/Users/timoptimothy/Developer/github_repo/openrice_timothy_backend/src/userRelated/user/user.controller.ts": {"path":"/Users/timoptimothy/Developer/github_repo/openrice_timothy_backend/src/userRelated/user/user.controller.ts","statementMap":{"0":{"start":{"line":1,"column":0},"end":{"line":1,"column":75}},"1":{"start":{"line":2,"column":0},"end":{"line":2,"column":45}},"2":{"start":{"line":3,"column":0},"end":{"line":3,"column":54}},"3":{"start":{"line":4,"column":0},"end":{"line":4,"column":52}},"4":{"start":{"line":9,"column":7},"end":{"line":51,"column":null}},"5":{"start":{"line":10,"column":31},"end":{"line":10,"column":44}},"6":{"start":{"line":14,"column":4},"end":{"line":14,"column":45}},"7":{"start":{"line":20,"column":4},"end":{"line":20,"column":67}},"8":{"start":{"line":29,"column":22},"end":{"line":29,"column":72}},"9":{"start":{"line":30,"column":4},"end":{"line":36,"column":null}},"10":{"start":{"line":31,"column":6},"end":{"line":33,"column":11}},"11":{"start":{"line":35,"column":6},"end":{"line":35,"column":54}},"12":{"start":{"line":44,"column":22},"end":{"line":44,"column":72}},"13":{"start":{"line":45,"column":4},"end":{"line":49,"column":null}},"14":{"start":{"line":46,"column":6},"end":{"line":46,"column":68}},"15":{"start":{"line":48,"column":6},"end":{"line":48,"column":54}},"16":{"start":{"line":9,"column":13},"end":{"line":9,"column":27}},"17":{"start":{"line":13,"column":8},"end":{"line":15,"column":null}},"18":{"start":{"line":19,"column":8},"end":{"line":21,"column":null}},"19":{"start":{"line":25,"column":8},"end":{"line":37,"column":null}},"20":{"start":{"line":41,"column":8},"end":{"line":50,"column":null}},"21":{"start":{"line":9,"column":13},"end":{"line":51,"column":null}}},"fnMap":{"0":{"name":"(anonymous_4)","decl":{"start":{"line":10,"column":2},"end":{"line":10,"column":31}},"loc":{"start":{"line":10,"column":55},"end":{"line":10,"column":59}}},"1":{"name":"(anonymous_5)","decl":{"start":{"line":13,"column":2},"end":{"line":13,"column":7}},"loc":{"start":{"line":13,"column":16},"end":{"line":15,"column":3}}},"2":{"name":"(anonymous_6)","decl":{"start":{"line":19,"column":2},"end":{"line":19,"column":7}},"loc":{"start":{"line":19,"column":56},"end":{"line":21,"column":3}}},"3":{"name":"(anonymous_7)","decl":{"start":{"line":25,"column":2},"end":{"line":25,"column":7}},"loc":{"start":{"line":27,"column":40},"end":{"line":37,"column":3}}},"4":{"name":"(anonymous_8)","decl":{"start":{"line":41,"column":2},"end":{"line":41,"column":7}},"loc":{"start":{"line":42,"column":40},"end":{"line":50,"column":3}}}},"branchMap":{"0":{"loc":{"start":{"line":30,"column":4},"end":{"line":36,"column":null}},"type":"if","locations":[{"start":{"line":30,"column":4},"end":{"line":36,"column":null}},{"start":{"line":34,"column":11},"end":{"line":36,"column":null}}]},"1":{"loc":{"start":{"line":45,"column":4},"end":{"line":49,"column":null}},"type":"if","locations":[{"start":{"line":45,"column":4},"end":{"line":49,"column":null}},{"start":{"line":47,"column":11},"end":{"line":49,"column":null}}]}},"s":{"0":2,"1":2,"2":2,"3":2,"4":2,"5":2,"6":1,"7":1,"8":2,"9":2,"10":1,"11":1,"12":2,"13":2,"14":1,"15":1,"16":2,"17":2,"18":2,"19":2,"20":2,"21":2},"f":{"0":2,"1":1,"2":1,"3":2,"4":2},"b":{"0":[1,1],"1":[1,1]}}
,"/Users/timoptimothy/Developer/github_repo/openrice_timothy_backend/src/userRelated/user/user.module.ts": {"path":"/Users/timoptimothy/Developer/github_repo/openrice_timothy_backend/src/userRelated/user/user.module.ts","statementMap":{"0":{"start":{"line":1,"column":0},"end":{"line":1,"column":40}},"1":{"start":{"line":2,"column":0},"end":{"line":2,"column":51}},"2":{"start":{"line":3,"column":0},"end":{"line":3,"column":45}},"3":{"start":{"line":4,"column":0},"end":{"line":4,"column":62}},"4":{"start":{"line":11,"column":7},"end":{"line":11,"column":null}},"5":{"start":{"line":11,"column":13},"end":{"line":11,"column":23}},"6":{"start":{"line":11,"column":13},"end":{"line":11,"column":null}}},"fnMap":{},"branchMap":{},"s":{"0":1,"1":1,"2":1,"3":1,"4":1,"5":1,"6":1},"f":{},"b":{}}
,"/Users/timoptimothy/Developer/github_repo/openrice_timothy_backend/src/userRelated/user/user.service.ts": {"path":"/Users/timoptimothy/Developer/github_repo/openrice_timothy_backend/src/userRelated/user/user.service.ts","statementMap":{"0":{"start":{"line":1,"column":0},"end":{"line":1,"column":52}},"1":{"start":{"line":2,"column":0},"end":{"line":2,"column":28}},"2":{"start":{"line":7,"column":7},"end":{"line":44,"column":null}},"3":{"start":{"line":8,"column":57},"end":{"line":8,"column":67}},"4":{"start":{"line":11,"column":4},"end":{"line":11,"column":52}},"5":{"start":{"line":15,"column":4},"end":{"line":15,"column":73}},"6":{"start":{"line":19,"column":4},"end":{"line":28,"column":22}},"7":{"start":{"line":32,"column":4},"end":{"line":35,"column":22}},"8":{"start":{"line":39,"column":4},"end":{"line":42,"column":22}},"9":{"start":{"line":7,"column":13},"end":{"line":7,"column":24}},"10":{"start":{"line":7,"column":13},"end":{"line":44,"column":null}}},"fnMap":{"0":{"name":"(anonymous_4)","decl":{"start":{"line":8,"column":2},"end":{"line":8,"column":15}},"loc":{"start":{"line":8,"column":67},"end":{"line":8,"column":71}}},"1":{"name":"(anonymous_5)","decl":{"start":{"line":10,"column":2},"end":{"line":10,"column":7}},"loc":{"start":{"line":10,"column":16},"end":{"line":12,"column":3}}},"2":{"name":"(anonymous_6)","decl":{"start":{"line":14,"column":2},"end":{"line":14,"column":7}},"loc":{"start":{"line":14,"column":30},"end":{"line":16,"column":3}}},"3":{"name":"(anonymous_7)","decl":{"start":{"line":18,"column":2},"end":{"line":18,"column":7}},"loc":{"start":{"line":18,"column":38},"end":{"line":29,"column":3}}},"4":{"name":"(anonymous_8)","decl":{"start":{"line":31,"column":2},"end":{"line":31,"column":7}},"loc":{"start":{"line":31,"column":50},"end":{"line":36,"column":3}}},"5":{"name":"(anonymous_9)","decl":{"start":{"line":38,"column":2},"end":{"line":38,"column":7}},"loc":{"start":{"line":38,"column":29},"end":{"line":43,"column":3}}}},"branchMap":{"0":{"loc":{"start":{"line":22,"column":14},"end":{"line":22,"column":44}},"type":"cond-expr","locations":[{"start":{"line":22,"column":26},"end":{"line":22,"column":35}},{"start":{"line":22,"column":38},"end":{"line":22,"column":44}}]}},"s":{"0":4,"1":4,"2":4,"3":1,"4":1,"5":1,"6":1,"7":1,"8":1,"9":4,"10":4},"f":{"0":1,"1":1,"2":1,"3":1,"4":1,"5":1},"b":{"0":[1,0]}}
,"/Users/timoptimothy/Developer/github_repo/openrice_timothy_backend/src/userRelated/user/dto/create_user.dto.ts": {"path":"/Users/timoptimothy/Developer/github_repo/openrice_timothy_backend/src/userRelated/user/dto/create_user.dto.ts","statementMap":{"0":{"start":{"line":3,"column":0},"end":{"line":3,"column":13}}},"fnMap":{},"branchMap":{},"s":{"0":2},"f":{},"b":{}}
,"/Users/timoptimothy/Developer/github_repo/openrice_timothy_backend/src/userRelated/user/dto/update_user.dto.ts": {"path":"/Users/timoptimothy/Developer/github_repo/openrice_timothy_backend/src/userRelated/user/dto/update_user.dto.ts","statementMap":{"0":{"start":{"line":3,"column":0},"end":{"line":3,"column":13}}},"fnMap":{},"branchMap":{},"s":{"0":2},"f":{},"b":{}}
,"/Users/timoptimothy/Developer/github_repo/openrice_timothy_backend/src/userRelated/user/specs/expectedUsers.ts": {"path":"/Users/timoptimothy/Developer/github_repo/openrice_timothy_backend/src/userRelated/user/specs/expectedUsers.ts","statementMap":{"0":{"start":{"line":1,"column":0},"end":{"line":1,"column":64}},"1":{"start":{"line":3,"column":13},"end":{"line":14,"column":2}}},"fnMap":{},"branchMap":{},"s":{"0":8,"1":8},"f":{},"b":{}}
}
