TN:
SF:src/app.controller.ts
FN:6,(anonymous_2)
FN:9,(anonymous_3)
FNF:2
FNH:2
FNDA:2,(anonymous_2)
FNDA:1,(anonymous_3)
DA:1,2
DA:2,2
DA:5,2
DA:6,2
DA:9,2
DA:10,1
LF:6
LH:6
BRF:0
BRH:0
end_of_record
TN:
SF:src/app.module.ts
FNF:0
FNH:0
DA:1,1
DA:3,1
DA:4,1
DA:5,1
DA:6,1
DA:7,1
DA:8,1
DA:9,1
DA:10,1
DA:11,1
DA:12,1
DA:13,1
DA:14,1
DA:15,1
DA:16,1
DA:17,1
DA:19,1
DA:20,1
DA:21,1
DA:46,1
LF:20
LH:20
BRF:0
BRH:0
end_of_record
TN:
SF:src/app.service.ts
FN:5,(anonymous_1)
FNF:1
FNH:1
FNDA:1,(anonymous_1)
DA:1,2
DA:4,2
DA:6,1
LF:3
LH:3
BRF:0
BRH:0
end_of_record
TN:
SF:src/dish/dish.controller.ts
FN:9,(anonymous_4)
FN:12,(anonymous_5)
FN:18,(anonymous_6)
FNF:3
FNH:3
FNDA:2,(anonymous_4)
FNDA:1,(anonymous_5)
FNDA:1,(anonymous_6)
DA:1,2
DA:2,2
DA:3,2
DA:8,2
DA:9,2
DA:12,2
DA:13,1
DA:18,2
DA:19,1
LF:9
LH:9
BRF:0
BRH:0
end_of_record
TN:
SF:src/dish/dish.module.ts
FNF:0
FNH:0
DA:1,1
DA:2,1
DA:3,1
DA:4,1
DA:11,1
LF:5
LH:5
BRF:0
BRH:0
end_of_record
TN:
SF:src/dish/dish.service.ts
FN:6,(anonymous_4)
FN:8,(anonymous_5)
FN:12,(anonymous_6)
FNF:3
FNH:3
FNDA:1,(anonymous_4)
FNDA:1,(anonymous_5)
FNDA:1,(anonymous_6)
DA:1,3
DA:2,3
DA:5,3
DA:6,1
DA:9,1
DA:13,1
LF:6
LH:6
BRF:0
BRH:0
end_of_record
TN:
SF:src/dish/specs/expectedDishes.ts
FNF:0
FNH:0
DA:1,3
LF:1
LH:1
BRF:0
BRH:0
end_of_record
TN:
SF:src/district/district.controller.ts
FN:9,(anonymous_4)
FN:12,(anonymous_5)
FN:18,(anonymous_6)
FNF:3
FNH:3
FNDA:2,(anonymous_4)
FNDA:1,(anonymous_5)
FNDA:1,(anonymous_6)
DA:1,2
DA:2,2
DA:3,2
DA:8,2
DA:9,2
DA:12,2
DA:13,1
DA:18,2
DA:21,1
LF:9
LH:9
BRF:0
BRH:0
end_of_record
TN:
SF:src/district/district.module.ts
FNF:0
FNH:0
DA:1,1
DA:2,1
DA:3,1
DA:4,1
DA:11,1
LF:5
LH:5
BRF:0
BRH:0
end_of_record
TN:
SF:src/district/district.service.ts
FN:6,(anonymous_4)
FN:8,(anonymous_5)
FN:12,(anonymous_6)
FNF:3
FNH:3
FNDA:1,(anonymous_4)
FNDA:1,(anonymous_5)
FNDA:1,(anonymous_6)
DA:1,3
DA:2,3
DA:5,3
DA:6,1
DA:9,1
DA:13,1
LF:6
LH:6
BRF:0
BRH:0
end_of_record
TN:
SF:src/district/specs/expectedDistricts.ts
FNF:0
FNH:0
DA:1,9
LF:1
LH:1
BRF:0
BRH:0
end_of_record
TN:
SF:src/global/csp/csp.middleware.ts
FN:7,(anonymous_2)
FN:9,(anonymous_3)
FNF:2
FNH:0
FNDA:0,(anonymous_2)
FNDA:0,(anonymous_3)
DA:1,2
DA:2,2
DA:6,2
DA:7,0
DA:10,0
DA:11,0
DA:13,0
LF:7
LH:3
BRF:0
BRH:0
end_of_record
TN:
SF:src/global/csp/csp.module.ts
FN:9,(anonymous_1)
FNF:1
FNH:1
FNDA:1,(anonymous_1)
DA:1,2
DA:2,2
DA:3,2
DA:8,2
DA:10,1
LF:5
LH:5
BRF:0
BRH:0
end_of_record
TN:
SF:src/global/csp/csp.service.ts
FN:5,(anonymous_1)
FNF:1
FNH:0
FNDA:0,(anonymous_1)
DA:1,2
DA:4,2
DA:6,0
LF:3
LH:2
BRF:0
BRH:0
end_of_record
TN:
SF:src/global/guards/auth.guard.ts
FN:7,(anonymous_2)
FN:9,(anonymous_3)
FNF:2
FNH:2
FNDA:3,(anonymous_2)
FNDA:4,(anonymous_3)
DA:1,3
DA:3,3
DA:6,3
DA:7,3
DA:12,4
DA:14,4
DA:15,1
DA:16,1
DA:19,3
DA:21,3
DA:22,3
DA:23,3
DA:24,1
DA:30,1
DA:34,2
LF:15
LH:15
BRDA:14,0,0,1
BRDA:21,1,0,3
BRDA:23,2,0,1
BRF:3
BRH:3
end_of_record
TN:
SF:src/global/lib/hash.ts
FN:5,hashPassword
FN:10,checkPassword
FNF:2
FNH:2
FNDA:3,hashPassword
FNDA:2,checkPassword
DA:1,2
DA:3,2
DA:5,2
DA:6,3
DA:7,3
DA:10,2
DA:14,2
DA:15,2
LF:8
LH:8
BRF:0
BRH:0
end_of_record
TN:
SF:src/global/modules/knex.module.ts
FN:13,(anonymous_1)
FNF:1
FNH:0
FNDA:0,(anonymous_1)
DA:1,1
DA:2,1
DA:3,1
DA:5,1
DA:6,1
DA:14,0
DA:15,0
DA:21,1
LF:8
LH:6
BRDA:5,0,0,1
BRDA:5,0,1,0
BRF:2
BRH:1
end_of_record
TN:
SF:src/global/static/static.module.ts
FNF:0
FNH:0
DA:1,1
DA:2,1
DA:3,1
DA:34,1
LF:4
LH:4
BRF:0
BRH:0
end_of_record
TN:
SF:src/global/utils/enums/UserRole.ts
FN:1,(anonymous_0)
FNF:1
FNH:1
FNDA:12,(anonymous_0)
DA:1,12
DA:2,12
DA:3,12
LF:3
LH:3
BRDA:1,0,0,12
BRDA:1,0,1,12
BRF:2
BRH:2
end_of_record
TN:
SF:src/paymentMethod/paymentMethod.controller.ts
FN:9,(anonymous_4)
FN:12,(anonymous_5)
FN:18,(anonymous_6)
FNF:3
FNH:3
FNDA:2,(anonymous_4)
FNDA:1,(anonymous_5)
FNDA:1,(anonymous_6)
DA:1,2
DA:2,2
DA:3,2
DA:8,2
DA:9,2
DA:12,2
DA:13,1
DA:18,2
DA:21,1
LF:9
LH:9
BRF:0
BRH:0
end_of_record
TN:
SF:src/paymentMethod/paymentMethod.module.ts
FNF:0
FNH:0
DA:1,1
DA:2,1
DA:3,1
DA:4,1
DA:11,1
LF:5
LH:5
BRF:0
BRH:0
end_of_record
TN:
SF:src/paymentMethod/paymentMethod.service.ts
FN:6,(anonymous_4)
FN:8,(anonymous_5)
FN:12,(anonymous_6)
FNF:3
FNH:3
FNDA:1,(anonymous_4)
FNDA:1,(anonymous_5)
FNDA:1,(anonymous_6)
DA:1,3
DA:2,3
DA:5,3
DA:6,1
DA:9,1
DA:13,1
LF:6
LH:6
BRF:0
BRH:0
end_of_record
TN:
SF:src/paymentMethod/specs/expectedPaymentMethods.ts
FNF:0
FNH:0
DA:1,3
LF:1
LH:1
BRF:0
BRH:0
end_of_record
TN:
SF:src/photo/photo.controller.ts
FN:10,(anonymous_4)
FN:13,(anonymous_5)
FN:19,(anonymous_6)
FN:26,(anonymous_7)
FN:34,(anonymous_8)
FNF:5
FNH:5
FNDA:2,(anonymous_4)
FNDA:1,(anonymous_5)
FNDA:1,(anonymous_6)
FNDA:1,(anonymous_7)
FNDA:2,(anonymous_8)
DA:1,2
DA:2,2
DA:3,2
DA:4,2
DA:9,2
DA:10,2
DA:13,2
DA:14,1
DA:19,2
DA:22,1
DA:26,2
DA:29,1
DA:34,2
DA:37,2
DA:38,2
DA:39,1
DA:41,1
LF:17
LH:17
BRDA:38,0,0,1
BRDA:38,0,1,1
BRF:2
BRH:2
end_of_record
TN:
SF:src/photo/photo.module.ts
FNF:0
FNH:0
DA:1,1
DA:2,1
DA:3,1
DA:4,1
DA:11,1
LF:5
LH:5
BRF:0
BRH:0
end_of_record
TN:
SF:src/photo/photo.service.ts
FN:7,(anonymous_4)
FN:9,(anonymous_5)
FN:13,(anonymous_6)
FN:17,(anonymous_7)
FN:28,(anonymous_8)
FNF:5
FNH:5
FNDA:1,(anonymous_4)
FNDA:1,(anonymous_5)
FNDA:1,(anonymous_6)
FNDA:1,(anonymous_7)
FNDA:1,(anonymous_8)
DA:1,3
DA:2,3
DA:6,3
DA:7,1
DA:10,1
DA:14,1
DA:18,1
DA:29,1
LF:8
LH:8
BRF:0
BRH:0
end_of_record
TN:
SF:src/photo/dto/create_photo.dto.ts
FNF:0
FNH:0
DA:1,2
DA:3,2
DA:8,2
DA:14,2
DA:20,2
LF:5
LH:5
BRF:0
BRH:0
end_of_record
TN:
SF:src/photo/specs/expectedPhotos.ts
FNF:0
FNH:0
DA:1,2
LF:1
LH:1
BRF:0
BRH:0
end_of_record
TN:
SF:src/photoCategory/photoCategory.controller.ts
FN:10,(anonymous_4)
FN:13,(anonymous_5)
FN:19,(anonymous_6)
FNF:3
FNH:3
FNDA:2,(anonymous_4)
FNDA:1,(anonymous_5)
FNDA:1,(anonymous_6)
DA:1,2
DA:2,2
DA:3,2
DA:9,2
DA:10,2
DA:13,2
DA:14,1
DA:19,2
DA:22,1
LF:9
LH:9
BRF:0
BRH:0
end_of_record
TN:
SF:src/photoCategory/photoCategory.module.ts
FNF:0
FNH:0
DA:1,1
DA:2,1
DA:3,1
DA:4,1
DA:11,1
LF:5
LH:5
BRF:0
BRH:0
end_of_record
TN:
SF:src/photoCategory/photoCategory.service.ts
FN:6,(anonymous_4)
FN:8,(anonymous_5)
FN:12,(anonymous_6)
FNF:3
FNH:3
FNDA:1,(anonymous_4)
FNDA:1,(anonymous_5)
FNDA:1,(anonymous_6)
DA:1,3
DA:2,3
DA:5,3
DA:6,1
DA:9,1
DA:13,1
LF:6
LH:6
BRF:0
BRH:0
end_of_record
TN:
SF:src/photoCategory/specs/expectedPhotoCategories.ts
FNF:0
FNH:0
DA:1,3
LF:1
LH:1
BRF:0
BRH:0
end_of_record
TN:
SF:src/restaurant/restaurant.controller.ts
FN:23,(anonymous_4)
FN:30,(anonymous_5)
FN:45,(anonymous_6)
FN:50,(anonymous_7)
FN:63,(anonymous_8)
FN:77,(anonymous_9)
FN:95,(anonymous_10)
FN:105,(anonymous_11)
FN:126,(anonymous_12)
FNF:9
FNH:9
FNDA:2,(anonymous_4)
FNDA:2,(anonymous_5)
FNDA:1,(anonymous_6)
FNDA:1,(anonymous_7)
FNDA:1,(anonymous_8)
FNDA:1,(anonymous_9)
FNDA:1,(anonymous_10)
FNDA:2,(anonymous_11)
FNDA:2,(anonymous_12)
DA:1,2
DA:13,2
DA:14,2
DA:15,2
DA:16,2
DA:18,2
DA:22,2
DA:23,2
DA:30,2
DA:39,2
DA:44,2
DA:45,1
DA:46,1
DA:49,1
DA:50,1
DA:62,1
DA:63,1
DA:77,2
DA:80,1
DA:83,1
DA:95,2
DA:98,1
DA:105,2
DA:109,2
DA:112,2
DA:113,1
DA:120,1
DA:126,2
DA:129,2
DA:132,2
DA:133,1
DA:137,1
LF:32
LH:32
BRDA:44,0,0,1
BRDA:112,1,0,1
BRDA:112,1,1,1
BRDA:132,2,0,1
BRDA:132,2,1,1
BRF:5
BRH:5
end_of_record
TN:
SF:src/restaurant/restaurant.module.ts
FNF:0
FNH:0
DA:1,1
DA:2,1
DA:3,1
DA:4,1
DA:11,1
LF:5
LH:5
BRF:0
BRH:0
end_of_record
TN:
SF:src/restaurant/restaurant.service.ts
FN:8,(anonymous_4)
FN:10,(anonymous_5)
FN:18,(anonymous_6)
FN:25,(anonymous_7)
FN:37,(anonymous_8)
FN:44,(anonymous_9)
FN:51,(anonymous_10)
FN:61,(anonymous_11)
FNF:8
FNH:8
FNDA:1,(anonymous_4)
FNDA:1,(anonymous_5)
FNDA:1,(anonymous_6)
FNDA:1,(anonymous_7)
FNDA:1,(anonymous_8)
FNDA:1,(anonymous_9)
FNDA:1,(anonymous_10)
FNDA:1,(anonymous_11)
DA:1,3
DA:2,3
DA:7,3
DA:8,1
DA:11,1
DA:19,1
DA:26,1
DA:38,1
DA:45,1
DA:52,1
DA:55,1
DA:58,1
DA:62,1
LF:13
LH:13
BRF:0
BRH:0
end_of_record
TN:
SF:src/restaurant/dto/create_restaurant.dto.ts
FNF:0
FNH:0
DA:1,2
LF:1
LH:1
BRF:0
BRH:0
end_of_record
TN:
SF:src/restaurant/dto/update_restaurant.dto.ts
FNF:0
FNH:0
DA:1,2
LF:1
LH:1
BRF:0
BRH:0
end_of_record
TN:
SF:src/restaurant/specs/expectedRestaurants.ts
FNF:0
FNH:0
DA:1,8
LF:1
LH:1
BRF:0
BRH:0
end_of_record
TN:
SF:src/restaurantDish/restaurantDish.controller.ts
FN:10,(anonymous_4)
FN:13,(anonymous_5)
FN:19,(anonymous_6)
FN:30,(anonymous_7)
FN:42,(anonymous_8)
FNF:5
FNH:5
FNDA:2,(anonymous_4)
FNDA:1,(anonymous_5)
FNDA:1,(anonymous_6)
FNDA:1,(anonymous_7)
FNDA:2,(anonymous_8)
DA:1,2
DA:2,2
DA:3,2
DA:4,2
DA:9,2
DA:10,2
DA:13,2
DA:14,1
DA:19,2
DA:22,1
DA:30,2
DA:33,1
DA:42,2
DA:46,2
DA:49,2
DA:50,1
DA:56,1
LF:17
LH:17
BRDA:49,0,0,1
BRDA:49,0,1,1
BRF:2
BRH:2
end_of_record
TN:
SF:src/restaurantDish/restaurantDish.module.ts
FNF:0
FNH:0
DA:1,1
DA:2,1
DA:3,1
DA:4,1
DA:11,1
LF:5
LH:5
BRF:0
BRH:0
end_of_record
TN:
SF:src/restaurantDish/restaurantDish.service.ts
FN:7,(anonymous_4)
FN:9,(anonymous_5)
FN:13,(anonymous_6)
FN:20,(anonymous_7)
FN:31,(anonymous_8)
FNF:5
FNH:5
FNDA:1,(anonymous_4)
FNDA:1,(anonymous_5)
FNDA:1,(anonymous_6)
FNDA:1,(anonymous_7)
FNDA:1,(anonymous_8)
DA:1,3
DA:2,3
DA:6,3
DA:7,1
DA:10,1
DA:14,1
DA:21,1
DA:32,1
LF:8
LH:8
BRF:0
BRH:0
end_of_record
TN:
SF:src/restaurantDish/dto/create_restaurant_dish.dto.ts
FNF:0
FNH:0
DA:1,2
DA:3,2
DA:8,2
DA:14,2
LF:4
LH:4
BRF:0
BRH:0
end_of_record
TN:
SF:src/restaurantDish/specs/expectedRestaurantDishes.ts
FNF:0
FNH:0
DA:1,1
LF:1
LH:1
BRF:0
BRH:0
end_of_record
TN:
SF:src/restaurantOwner/restaurantOwner.controller.ts
FN:19,(anonymous_4)
FN:24,(anonymous_5)
FN:30,(anonymous_6)
FN:41,(anonymous_7)
FN:53,(anonymous_8)
FN:75,(anonymous_9)
FNF:6
FNH:6
FNDA:2,(anonymous_4)
FNDA:1,(anonymous_5)
FNDA:1,(anonymous_6)
FNDA:1,(anonymous_7)
FNDA:2,(anonymous_8)
FNDA:2,(anonymous_9)
DA:1,2
DA:10,2
DA:11,2
DA:12,2
DA:13,2
DA:18,2
DA:20,2
DA:24,2
DA:25,1
DA:30,2
DA:33,1
DA:41,2
DA:44,1
DA:53,2
DA:58,2
DA:61,2
DA:62,1
DA:69,1
DA:75,2
DA:79,2
DA:82,2
DA:83,1
DA:89,1
LF:23
LH:23
BRDA:61,0,0,1
BRDA:61,0,1,1
BRDA:82,1,0,1
BRDA:82,1,1,1
BRF:4
BRH:4
end_of_record
TN:
SF:src/restaurantOwner/restaurantOwner.module.ts
FNF:0
FNH:0
DA:1,1
DA:2,1
DA:3,1
DA:4,1
DA:11,1
LF:5
LH:5
BRF:0
BRH:0
end_of_record
TN:
SF:src/restaurantOwner/restaurantOwner.service.ts
FN:8,(anonymous_4)
FN:10,(anonymous_5)
FN:14,(anonymous_6)
FN:21,(anonymous_7)
FN:32,(anonymous_8)
FN:42,(anonymous_9)
FNF:6
FNH:6
FNDA:1,(anonymous_4)
FNDA:1,(anonymous_5)
FNDA:1,(anonymous_6)
FNDA:1,(anonymous_7)
FNDA:1,(anonymous_8)
FNDA:1,(anonymous_9)
DA:1,3
DA:2,3
DA:7,3
DA:8,1
DA:11,1
DA:15,1
DA:22,1
DA:36,1
DA:43,1
LF:9
LH:9
BRF:0
BRH:0
end_of_record
TN:
SF:src/restaurantOwner/dto/create_restaurant_owner.dto.ts
FNF:0
FNH:0
DA:1,2
DA:3,2
DA:8,2
DA:14,2
LF:4
LH:4
BRF:0
BRH:0
end_of_record
TN:
SF:src/restaurantOwner/dto/update_restaurant_owner.dto.ts
FNF:0
FNH:0
DA:1,2
LF:1
LH:1
BRF:0
BRH:0
end_of_record
TN:
SF:src/restaurantOwner/specs/expectedRestaurantOwners.ts
FNF:0
FNH:0
DA:1,1
LF:1
LH:1
BRF:0
BRH:0
end_of_record
TN:
SF:src/restaurantPayment/restaurantPayment.controller.ts
FN:10,(anonymous_4)
FN:15,(anonymous_5)
FN:21,(anonymous_6)
FN:32,(anonymous_7)
FN:44,(anonymous_8)
FNF:5
FNH:5
FNDA:2,(anonymous_4)
FNDA:1,(anonymous_5)
FNDA:1,(anonymous_6)
FNDA:1,(anonymous_7)
FNDA:2,(anonymous_8)
DA:1,2
DA:2,2
DA:3,2
DA:4,2
DA:9,2
DA:11,2
DA:15,2
DA:16,1
DA:21,2
DA:24,1
DA:32,2
DA:35,1
DA:44,2
DA:48,2
DA:51,2
DA:52,1
DA:58,1
LF:17
LH:17
BRDA:51,0,0,1
BRDA:51,0,1,1
BRF:2
BRH:2
end_of_record
TN:
SF:src/restaurantPayment/restaurantPayment.module.ts
FNF:0
FNH:0
DA:1,1
DA:2,1
DA:3,1
DA:4,1
DA:11,1
LF:5
LH:5
BRF:0
BRH:0
end_of_record
TN:
SF:src/restaurantPayment/restaurantPayment.service.ts
FN:7,(anonymous_4)
FN:9,(anonymous_5)
FN:13,(anonymous_6)
FN:20,(anonymous_7)
FN:31,(anonymous_8)
FNF:5
FNH:5
FNDA:1,(anonymous_4)
FNDA:1,(anonymous_5)
FNDA:1,(anonymous_6)
FNDA:1,(anonymous_7)
FNDA:1,(anonymous_8)
DA:1,3
DA:2,3
DA:6,3
DA:7,1
DA:10,1
DA:14,1
DA:21,1
DA:32,1
LF:8
LH:8
BRF:0
BRH:0
end_of_record
TN:
SF:src/restaurantPayment/dto/create_restaurant_payment.dto.ts
FNF:0
FNH:0
DA:1,2
DA:3,2
DA:8,2
DA:15,2
LF:4
LH:4
BRF:0
BRH:0
end_of_record
TN:
SF:src/restaurantPayment/specs/expectedRestaurantPayments.ts
FNF:0
FNH:0
DA:1,1
LF:1
LH:1
BRF:0
BRH:0
end_of_record
TN:
SF:src/review/review.controller.ts
FN:19,(anonymous_4)
FN:22,(anonymous_5)
FN:25,(anonymous_6)
FN:38,(anonymous_7)
FN:55,(anonymous_8)
FN:61,(anonymous_9)
FN:79,(anonymous_10)
FNF:7
FNH:7
FNDA:2,(anonymous_4)
FNDA:1,(anonymous_5)
FNDA:1,(anonymous_6)
FNDA:1,(anonymous_7)
FNDA:1,(anonymous_8)
FNDA:2,(anonymous_9)
FNDA:2,(anonymous_10)
DA:1,2
DA:10,2
DA:11,2
DA:12,2
DA:14,2
DA:18,2
DA:19,2
DA:22,2
DA:23,1
DA:24,1
DA:25,1
DA:38,2
DA:41,1
DA:44,1
DA:55,2
DA:56,1
DA:61,2
DA:65,2
DA:68,2
DA:69,1
DA:73,1
DA:79,2
DA:82,2
DA:85,2
DA:86,1
DA:88,1
LF:26
LH:26
BRDA:68,0,0,1
BRDA:68,0,1,1
BRDA:85,1,0,1
BRDA:85,1,1,1
BRF:4
BRH:4
end_of_record
TN:
SF:src/review/review.module.ts
FNF:0
FNH:0
DA:1,1
DA:2,1
DA:3,1
DA:4,1
DA:11,1
LF:5
LH:5
BRF:0
BRH:0
end_of_record
TN:
SF:src/review/review.service.ts
FN:8,(anonymous_4)
FN:10,(anonymous_5)
FN:14,(anonymous_6)
FN:18,(anonymous_7)
FN:30,(anonymous_8)
FN:37,(anonymous_9)
FN:44,(anonymous_10)
FN:51,(anonymous_11)
FNF:8
FNH:8
FNDA:1,(anonymous_4)
FNDA:1,(anonymous_5)
FNDA:1,(anonymous_6)
FNDA:1,(anonymous_7)
FNDA:1,(anonymous_8)
FNDA:1,(anonymous_9)
FNDA:1,(anonymous_10)
FNDA:1,(anonymous_11)
DA:1,3
DA:2,3
DA:7,3
DA:8,1
DA:11,1
DA:15,1
DA:19,1
DA:31,1
DA:38,1
DA:45,1
DA:52,1
LF:11
LH:11
BRF:0
BRH:0
end_of_record
TN:
SF:src/review/dto/create_review.dto.ts
FNF:0
FNH:0
DA:1,2
DA:3,2
DA:8,2
DA:14,2
DA:20,2
DA:26,2
DA:34,2
DA:40,2
DA:46,2
LF:9
LH:9
BRF:0
BRH:0
end_of_record
TN:
SF:src/review/dto/update_review.dto.ts
FNF:0
FNH:0
DA:1,2
LF:1
LH:1
BRF:0
BRH:0
end_of_record
TN:
SF:src/review/specs/expectedReviews.ts
FNF:0
FNH:0
DA:1,4
LF:1
LH:1
BRF:0
BRH:0
end_of_record
TN:
SF:src/subscribe/subscribe.controller.ts
FN:10,(anonymous_4)
FN:13,(anonymous_5)
FN:19,(anonymous_6)
FN:28,(anonymous_7)
FN:36,(anonymous_8)
FNF:5
FNH:5
FNDA:2,(anonymous_4)
FNDA:1,(anonymous_5)
FNDA:1,(anonymous_6)
FNDA:1,(anonymous_7)
FNDA:2,(anonymous_8)
DA:1,2
DA:2,2
DA:3,2
DA:5,2
DA:9,2
DA:10,2
DA:13,2
DA:14,1
DA:19,2
DA:22,1
DA:28,2
DA:31,1
DA:36,2
DA:39,2
DA:42,2
DA:43,1
DA:47,1
LF:17
LH:17
BRDA:42,0,0,1
BRDA:42,0,1,1
BRF:2
BRH:2
end_of_record
TN:
SF:src/subscribe/subscribe.module.ts
FNF:0
FNH:0
DA:1,1
DA:2,1
DA:3,1
DA:4,1
DA:11,1
LF:5
LH:5
BRF:0
BRH:0
end_of_record
TN:
SF:src/subscribe/subscribe.service.ts
FN:7,(anonymous_4)
FN:9,(anonymous_5)
FN:13,(anonymous_6)
FN:20,(anonymous_7)
FN:31,(anonymous_8)
FNF:5
FNH:5
FNDA:1,(anonymous_4)
FNDA:1,(anonymous_5)
FNDA:1,(anonymous_6)
FNDA:1,(anonymous_7)
FNDA:1,(anonymous_8)
DA:1,3
DA:2,3
DA:6,3
DA:7,1
DA:10,1
DA:14,1
DA:21,1
DA:32,1
LF:8
LH:8
BRF:0
BRH:0
end_of_record
TN:
SF:src/subscribe/dto/create_subscribe.dto.ts
FNF:0
FNH:0
DA:1,2
DA:3,2
DA:8,2
DA:14,2
LF:4
LH:4
BRF:0
BRH:0
end_of_record
TN:
SF:src/subscribe/specs/expectedSubscribes.ts
FNF:0
FNH:0
DA:1,1
LF:1
LH:1
BRF:0
BRH:0
end_of_record
TN:
SF:src/userRelated/auth/auth.controller.ts
FN:24,(anonymous_4)
FN:30,(anonymous_5)
FN:34,(anonymous_6)
FN:38,(anonymous_7)
FN:54,(anonymous_8)
FN:57,(anonymous_9)
FN:80,(anonymous_10)
FNF:7
FNH:7
FNDA:2,(anonymous_4)
FNDA:3,(anonymous_5)
FNDA:3,(anonymous_6)
FNDA:2,(anonymous_7)
FNDA:3,(anonymous_8)
FNDA:3,(anonymous_9)
FNDA:1,(anonymous_10)
DA:1,2
DA:9,2
DA:10,2
DA:12,2
DA:13,2
DA:15,2
DA:16,2
DA:17,2
DA:19,2
DA:23,2
DA:25,2
DA:26,2
DA:30,2
DA:33,3
DA:34,3
DA:35,1
DA:38,2
DA:39,1
DA:42,1
DA:49,1
DA:50,1
DA:54,2
DA:55,3
DA:56,3
DA:57,3
DA:59,1
DA:62,2
DA:63,2
DA:64,2
DA:65,1
DA:66,1
DA:72,1
DA:74,1
DA:80,2
DA:81,1
LF:35
LH:35
BRDA:34,0,0,1
BRDA:38,1,0,1
BRDA:56,2,0,1
BRDA:64,3,0,1
BRDA:64,3,1,1
BRF:5
BRH:5
end_of_record
TN:
SF:src/userRelated/auth/auth.module.ts
FNF:0
FNH:0
DA:1,1
DA:2,1
DA:3,1
DA:4,1
DA:10,1
LF:5
LH:5
BRF:0
BRH:0
end_of_record
TN:
SF:src/userRelated/auth/auth.service.ts
FN:7,(anonymous_4)
FN:9,(anonymous_5)
FN:13,(anonymous_6)
FNF:3
FNH:3
FNDA:1,(anonymous_4)
FNDA:1,(anonymous_5)
FNDA:2,(anonymous_6)
DA:1,4
DA:2,4
DA:3,4
DA:6,4
DA:7,1
DA:10,1
DA:14,2
DA:15,2
DA:17,1
DA:18,1
LF:10
LH:10
BRF:0
BRH:0
end_of_record
TN:
SF:src/userRelated/auth/dto/create_auth.dto.ts
FNF:0
FNH:0
DA:1,2
LF:1
LH:1
BRF:0
BRH:0
end_of_record
TN:
SF:src/userRelated/auth/specs/expectedUsers.ts
FNF:0
FNH:0
DA:1,2
DA:3,2
LF:2
LH:2
BRF:0
BRH:0
end_of_record
TN:
SF:src/userRelated/auth/specs/expectedUsersHashPassword.ts
FN:4,(anonymous_0)
FNF:1
FNH:1
FNDA:2,(anonymous_0)
DA:1,1
DA:2,1
DA:4,2
LF:3
LH:3
BRF:0
BRH:0
end_of_record
TN:
SF:src/userRelated/user/user.controller.ts
FN:10,(anonymous_4)
FN:13,(anonymous_5)
FN:19,(anonymous_6)
FN:25,(anonymous_7)
FN:41,(anonymous_8)
FNF:5
FNH:5
FNDA:2,(anonymous_4)
FNDA:1,(anonymous_5)
FNDA:1,(anonymous_6)
FNDA:2,(anonymous_7)
FNDA:2,(anonymous_8)
DA:1,2
DA:2,2
DA:3,2
DA:4,2
DA:9,2
DA:10,2
DA:13,2
DA:14,1
DA:19,2
DA:20,1
DA:25,2
DA:29,2
DA:30,2
DA:31,1
DA:35,1
DA:41,2
DA:44,2
DA:45,2
DA:46,1
DA:48,1
LF:20
LH:20
BRDA:30,0,0,1
BRDA:30,0,1,1
BRDA:45,1,0,1
BRDA:45,1,1,1
BRF:4
BRH:4
end_of_record
TN:
SF:src/userRelated/user/user.module.ts
FNF:0
FNH:0
DA:1,1
DA:2,1
DA:3,1
DA:4,1
DA:11,1
LF:5
LH:5
BRF:0
BRH:0
end_of_record
TN:
SF:src/userRelated/user/user.service.ts
FN:8,(anonymous_4)
FN:10,(anonymous_5)
FN:14,(anonymous_6)
FN:18,(anonymous_7)
FN:31,(anonymous_8)
FN:38,(anonymous_9)
FNF:6
FNH:6
FNDA:1,(anonymous_4)
FNDA:1,(anonymous_5)
FNDA:1,(anonymous_6)
FNDA:1,(anonymous_7)
FNDA:1,(anonymous_8)
FNDA:1,(anonymous_9)
DA:1,4
DA:2,4
DA:7,4
DA:8,1
DA:11,1
DA:15,1
DA:19,1
DA:32,1
DA:39,1
LF:9
LH:9
BRDA:22,0,0,1
BRDA:22,0,1,0
BRF:2
BRH:1
end_of_record
TN:
SF:src/userRelated/user/dto/create_user.dto.ts
FNF:0
FNH:0
DA:3,2
LF:1
LH:1
BRF:0
BRH:0
end_of_record
TN:
SF:src/userRelated/user/dto/update_user.dto.ts
FNF:0
FNH:0
DA:3,2
LF:1
LH:1
BRF:0
BRH:0
end_of_record
TN:
SF:src/userRelated/user/specs/expectedUsers.ts
FNF:0
FNH:0
DA:1,8
DA:3,8
LF:2
LH:2
BRF:0
BRH:0
end_of_record
